2025-01-22 03:08:30.539: [INFO] VisibilityChanged: 0
2025-01-22 03:08:30.556: [INFO] RecordSyncInitDurationhas_sync_been_enabled: 0 state: 0
2025-01-22 03:08:30.556: [INFO] RecordSyncInitDurationhas_sync_been_enabled: 0 state: 0
2025-01-22 03:08:30.556: [INFO] RecordSyncInitDurationhas_sync_been_enabled: 0 state: 0
2025-01-22 03:08:30.556: [INFO] RecordSyncInitDurationhas_sync_been_enabled: 0 state: 0
2025-01-22 03:08:30.556: [INFO] RecordSyncInitDurationhas_sync_been_enabled: 0 state: 0
2025-01-22 03:08:30.556: [INFO] RecordSyncInitDurationhas_sync_been_enabled: 0 state: 0
2025-01-22 03:08:30.556: [INFO] RecordSyncInitDurationhas_sync_been_enabled: 0 state: 0
2025-01-22 03:08:30.556: [INFO] RecordSyncInitDurationhas_sync_been_enabled: 0 state: 0
2025-01-22 03:08:30.556: [INFO] RecordSyncInitDurationhas_sync_been_enabled: 0 state: 0
2025-01-22 03:08:30.556: [INFO] RecordSyncInitDurationhas_sync_been_enabled: 0 state: 0
2025-01-22 03:08:30.556: [INFO] RecordSyncInitDurationhas_sync_been_enabled: 0 state: 0
2025-01-22 03:08:30.566: [INFO] BookmarkModelLoaded, ids_reassigned: 0
2025-01-22 03:08:30.566: [INFO] OnDoneLoading sync enabled: 0
2025-01-22 03:08:30.576: [INFO] RecordSyncInitDurationhas_sync_been_enabled: 0 state: 0
2025-01-22 03:08:30.681: [INFO] Primary account changed.
2025-01-22 03:08:30.681: [INFO] OnPrimaryAccountChangedPrimaryAccountChangeEvent::Type::kSet
2025-01-22 03:08:30.682: [INFO] RecordSyncInitDurationhas_sync_been_enabled: 0 state: 3
2025-01-22 03:08:30.683: [INFO] RecordSyncInitDurationhas_sync_been_enabled: 0 state: 3
2025-01-22 03:08:30.721: [INFO] RecordSyncInitDurationhas_sync_been_enabled: 0 state: 3
2025-01-22 03:08:35.264: [INFO] BookmarkNodeAdded, ABU: 0
2025-01-22 03:08:35.264: [INFO] BookmarkNodeAdded, ABU: 0
2025-01-22 03:08:35.264: [INFO] BookmarkNodeAdded, ABU: 0
2025-01-22 03:08:35.264: [INFO] BookmarkNodeAdded, ABU: 0
2025-01-22 03:08:35.264: [INFO] BookmarkNodeAdded, ABU: 0
2025-01-22 03:08:41.541: [INFO] Sync initialization duration: 10767ms
