{"logTime": "0122/030840", "correlationVector":"wuudxXEhKVQpQHXkiyZ4EO.169","action":"GetUpdates", "result":"DeleteReceived", "context":{"id":"b1aacb33-56a4-4a7f-bc36-8f3d89b7a3d5", "isDeleted:":"true", "version":"1735053240567"}}
{"logTime": "0122/030840", "correlationVector":"wuudxXEhKVQpQHXkiyZ4EO.170","action":"GetUpdates", "result":"DeleteReceived", "context":{"id":"7dc60c27-6d4b-4128-bff0-33efa7d669b6", "isDeleted:":"true", "version":"1735053270936"}}
{"logTime": "0122/030840", "correlationVector":"wuudxXEhKVQpQHXkiyZ4EO.171","action":"GetUpdates", "result":"DeleteReceived", "context":{"id":"92794115-f26a-43de-b959-6e0fbe114a2d", "isDeleted:":"true", "version":"1735054094085"}}
{"logTime": "0122/030840", "correlationVector":"wuudxXEhKVQpQHXkiyZ4EO.172","action":"GetUpdates", "result":"DeleteReceived", "context":{"id":"75ac1cda-cb43-4b4c-b85b-f924724a0665", "isDeleted:":"true", "version":"1735060078469"}}
{"logTime": "0122/030840", "correlationVector":"wuudxXEhKVQpQHXkiyZ4EO.173","action":"GetUpdates", "result":"DeleteReceived", "context":{"id":"37005b70-cdc6-4d30-ab2a-38775c9f9fa5", "isDeleted:":"true", "version":"1735062807126"}}
{"logTime": "0122/030840", "correlationVector":"wuudxXEhKVQpQHXkiyZ4EO.174","action":"GetUpdates", "result":"DeleteReceived", "context":{"id":"1fef4ddb-f727-4aae-b201-8c8ff4f0ec87", "isDeleted:":"true", "version":"1735098160206"}}
{"logTime": "0122/030840", "correlationVector":"wuudxXEhKVQpQHXkiyZ4EO.175","action":"GetUpdates", "result":"DeleteReceived", "context":{"id":"bec0f56b-15b4-44b7-9402-48b88b4eb600", "isDeleted:":"true", "version":"1735098160208"}}
{"logTime": "0122/030840", "correlationVector":"wuudxXEhKVQpQHXkiyZ4EO.176","action":"GetUpdates", "result":"DeleteReceived", "context":{"id":"c945ec3a-c9e9-442d-86af-652b1188fe15", "isDeleted:":"true", "version":"1735098160209"}}
{"logTime": "0122/030840", "correlationVector":"wuudxXEhKVQpQHXkiyZ4EO.177","action":"GetUpdates", "result":"DeleteReceived", "context":{"id":"cf0eba08-c744-432f-a63a-6494a603b360", "isDeleted:":"true", "version":"1735098430048"}}
{"logTime": "0122/030840", "correlationVector":"wuudxXEhKVQpQHXkiyZ4EO.178","action":"GetUpdates", "result":"DeleteReceived", "context":{"id":"4387b7e0-5cd4-42ff-8145-33c03ca6d504", "isDeleted:":"true", "version":"1735098430049"}}
{"logTime": "0122/030840", "correlationVector":"wuudxXEhKVQpQHXkiyZ4EO.179","action":"GetUpdates", "result":"DeleteReceived", "context":{"id":"3f564d20-e716-466f-a888-43cf586c2d6b", "isDeleted:":"true", "version":"1735098583719"}}
{"logTime": "0122/030840", "correlationVector":"wuudxXEhKVQpQHXkiyZ4EO.180","action":"GetUpdates", "result":"DeleteReceived", "context":{"id":"7346f4a7-2420-4996-90de-0bbe48e7ce1d", "isDeleted:":"true", "version":"1735186393611"}}
{"logTime": "0122/030840", "correlationVector":"wuudxXEhKVQpQHXkiyZ4EO.181","action":"GetUpdates", "result":"DeleteReceived", "context":{"id":"5b1fc22e-8efc-497c-8270-14bfc3cfd042", "isDeleted:":"true", "version":"1735207781982"}}
{"logTime": "0122/030840", "correlationVector":"wuudxXEhKVQpQHXkiyZ4EO.182","action":"GetUpdates", "result":"DeleteReceived", "context":{"id":"66bf7743-29a6-469c-9883-db61bd2b22b6", "isDeleted:":"true", "version":"1735207781985"}}
{"logTime": "0122/030840", "correlationVector":"wuudxXEhKVQpQHXkiyZ4EO.183","action":"GetUpdates", "result":"DeleteReceived", "context":{"id":"98df33da-5849-4971-852e-a854a9481464", "isDeleted:":"true", "version":"1735207812429"}}
{"logTime": "0122/030840", "correlationVector":"wuudxXEhKVQpQHXkiyZ4EO.184","action":"GetUpdates", "result":"DeleteReceived", "context":{"id":"a5b0764c-2a32-4ca0-9b90-ca663f282f9d", "isDeleted:":"true", "version":"1735211930330"}}
{"logTime": "0122/030840", "correlationVector":"wuudxXEhKVQpQHXkiyZ4EO.185","action":"GetUpdates", "result":"DeleteReceived", "context":{"id":"f621c870-d2aa-45ec-8fb4-c46386e7a2dc", "isDeleted:":"true", "version":"1735213527712"}}
{"logTime": "0122/030840", "correlationVector":"wuudxXEhKVQpQHXkiyZ4EO.186","action":"GetUpdates", "result":"DeleteReceived", "context":{"id":"5df2ea74-d3df-4f04-8359-d93dfc739721", "isDeleted:":"true", "version":"1735220291166"}}
{"logTime": "0122/030840", "correlationVector":"wuudxXEhKVQpQHXkiyZ4EO.187","action":"GetUpdates", "result":"DeleteReceived", "context":{"id":"6f948519-2122-47ca-8ef7-9c35df85f633", "isDeleted:":"true", "version":"1735221417869"}}
{"logTime": "0122/030840", "correlationVector":"wuudxXEhKVQpQHXkiyZ4EO.188","action":"GetUpdates", "result":"DeleteReceived", "context":{"id":"d3e080bf-4824-4114-8f07-b871a08e7edb", "isDeleted:":"true", "version":"1735221514836"}}
{"logTime": "0122/030840", "correlationVector":"wuudxXEhKVQpQHXkiyZ4EO.189","action":"GetUpdates", "result":"DeleteReceived", "context":{"id":"19dd74c6-d508-4f95-a5bb-3702c986e564", "isDeleted:":"true", "version":"1735221549120"}}
{"logTime": "0122/030840", "correlationVector":"wuudxXEhKVQpQHXkiyZ4EO.190","action":"GetUpdates", "result":"DeleteReceived", "context":{"id":"70cf2208-f746-40f2-b914-1a16b9f27729", "isDeleted:":"true", "version":"1735221549122"}}
{"logTime": "0122/030840", "correlationVector":"wuudxXEhKVQpQHXkiyZ4EO.191","action":"GetUpdates", "result":"DeleteReceived", "context":{"id":"63474e84-abfb-44ce-8208-c44628d86b72", "isDeleted:":"true", "version":"1735221711349"}}
{"logTime": "0122/030840", "correlationVector":"wuudxXEhKVQpQHXkiyZ4EO.192","action":"GetUpdates", "result":"DeleteReceived", "context":{"id":"79895a06-4445-423e-bc62-90126895ff7d", "isDeleted:":"true", "version":"1735221711350"}}
{"logTime": "0122/030840", "correlationVector":"wuudxXEhKVQpQHXkiyZ4EO.193","action":"GetUpdates", "result":"DeleteReceived", "context":{"id":"b469ffa0-09fc-4b20-99c0-bebc00461e6c", "isDeleted:":"true", "version":"1735221711352"}}
{"logTime": "0122/030840", "correlationVector":"wuudxXEhKVQpQHXkiyZ4EO.194","action":"GetUpdates", "result":"DeleteReceived", "context":{"id":"486cdfa4-c80e-4970-aee2-98c5121e74bf", "isDeleted:":"true", "version":"1735221711353"}}
{"logTime": "0122/030840", "correlationVector":"wuudxXEhKVQpQHXkiyZ4EO.195","action":"GetUpdates", "result":"DeleteReceived", "context":{"id":"2968d3c1-ec1c-4b61-bd1c-c72f05438e68", "isDeleted:":"true", "version":"1735221741837"}}
{"logTime": "0122/030840", "correlationVector":"wuudxXEhKVQpQHXkiyZ4EO.196","action":"GetUpdates", "result":"DeleteReceived", "context":{"id":"f4afd6a5-d837-447a-accf-2e59a4f36291", "isDeleted:":"true", "version":"1735221772184"}}
{"logTime": "0122/030840", "correlationVector":"wuudxXEhKVQpQHXkiyZ4EO.197","action":"GetUpdates", "result":"DeleteReceived", "context":{"id":"0e12d454-ee4b-4e1a-a674-bde9aad05781", "isDeleted:":"true", "version":"1735221835724"}}
{"logTime": "0122/030840", "correlationVector":"wuudxXEhKVQpQHXkiyZ4EO.198","action":"GetUpdates", "result":"DeleteReceived", "context":{"id":"8d63d6dd-6582-44ac-a973-7ab54710a187", "isDeleted:":"true", "version":"1735221835726"}}
{"logTime": "0122/030840", "correlationVector":"wuudxXEhKVQpQHXkiyZ4EO.199","action":"GetUpdates", "result":"DeleteReceived", "context":{"id":"90af9b32-ca12-449f-afd2-35dd39a11475", "isDeleted:":"true", "version":"1735221835727"}}
{"logTime": "0122/030840", "correlationVector":"wuudxXEhKVQpQHXkiyZ4EO.200","action":"GetUpdates", "result":"DeleteReceived", "context":{"id":"7d97a730-fa5d-4b07-a6bb-d9cc119a443d", "isDeleted:":"true", "version":"1735221918252"}}
{"logTime": "0122/030840", "correlationVector":"wuudxXEhKVQpQHXkiyZ4EO.201","action":"GetUpdates", "result":"DeleteReceived", "context":{"id":"9fdfd8b7-adf7-498e-8f2a-1b8f7498f232", "isDeleted:":"true", "version":"1735222792196"}}
{"logTime": "0122/030840", "correlationVector":"wuudxXEhKVQpQHXkiyZ4EO.202","action":"GetUpdates", "result":"DeleteReceived", "context":{"id":"50eda4ca-72c8-49d4-b544-99e08476cc16", "isDeleted:":"true", "version":"1735225901171"}}
{"logTime": "0122/030840", "correlationVector":"wuudxXEhKVQpQHXkiyZ4EO.203","action":"GetUpdates", "result":"DeleteReceived", "context":{"id":"34eb4cfc-40a2-40ba-996b-486ae714a882", "isDeleted:":"true", "version":"1735225901173"}}
{"logTime": "0122/030840", "correlationVector":"wuudxXEhKVQpQHXkiyZ4EO.204","action":"GetUpdates", "result":"DeleteReceived", "context":{"id":"7310f927-03ed-4ffd-a8bd-a07a1a8a7320", "isDeleted:":"true", "version":"1735225940898"}}
{"logTime": "0122/030840", "correlationVector":"wuudxXEhKVQpQHXkiyZ4EO.205","action":"GetUpdates", "result":"DeleteReceived", "context":{"id":"86491b21-9720-43cf-82f9-e1bb841b290a", "isDeleted:":"true", "version":"1735226274107"}}
{"logTime": "0122/030840", "correlationVector":"wuudxXEhKVQpQHXkiyZ4EO.206","action":"GetUpdates", "result":"DeleteReceived", "context":{"id":"c34abbd8-62f3-480c-8d29-1e146c4a2ce2", "isDeleted:":"true", "version":"1735226312294"}}
{"logTime": "0122/030840", "correlationVector":"wuudxXEhKVQpQHXkiyZ4EO.207","action":"GetUpdates", "result":"DeleteReceived", "context":{"id":"a9e6c676-8ec6-4a95-aa7a-cc527cfbed8c", "isDeleted:":"true", "version":"1735226353911"}}
{"logTime": "0122/030840", "correlationVector":"wuudxXEhKVQpQHXkiyZ4EO.208","action":"GetUpdates", "result":"DeleteReceived", "context":{"id":"9fe8dc70-3e3c-4176-a82c-0417bf91c08f", "isDeleted:":"true", "version":"1735228813451"}}
{"logTime": "0122/030840", "correlationVector":"wuudxXEhKVQpQHXkiyZ4EO.209","action":"GetUpdates", "result":"DeleteReceived", "context":{"id":"7aac6ab9-3ea6-4bc6-93a5-10aed1479ebe", "isDeleted:":"true", "version":"1735229294126"}}
{"logTime": "0122/030840", "correlationVector":"wuudxXEhKVQpQHXkiyZ4EO.210","action":"GetUpdates", "result":"DeleteReceived", "context":{"id":"eedd4f19-0eba-41e5-b593-6d567d831ab5", "isDeleted:":"true", "version":"1735229350450"}}
{"logTime": "0122/030840", "correlationVector":"wuudxXEhKVQpQHXkiyZ4EO.211","action":"GetUpdates", "result":"DeleteReceived", "context":{"id":"d968449e-5681-4bf1-b2a0-53dfca197a9e", "isDeleted:":"true", "version":"1735229688256"}}
{"logTime": "0122/030840", "correlationVector":"wuudxXEhKVQpQHXkiyZ4EO.212","action":"GetUpdates", "result":"DeleteReceived", "context":{"id":"62d4b00c-3278-4926-a8fa-b2e642327906", "isDeleted:":"true", "version":"1735229930314"}}
{"logTime": "0122/030840", "correlationVector":"wuudxXEhKVQpQHXkiyZ4EO.213","action":"GetUpdates", "result":"DeleteReceived", "context":{"id":"3bbf3626-060a-405b-b2d4-f4fc61a53bd6", "isDeleted:":"true", "version":"1735230149241"}}
{"logTime": "0122/030840", "correlationVector":"wuudxXEhKVQpQHXkiyZ4EO.214","action":"GetUpdates", "result":"DeleteReceived", "context":{"id":"41d923a9-356a-4d27-923b-b2554eb281b7", "isDeleted:":"true", "version":"1735230506431"}}
{"logTime": "0122/030840", "correlationVector":"wuudxXEhKVQpQHXkiyZ4EO.215","action":"GetUpdates", "result":"DeleteReceived", "context":{"id":"672dee41-8792-4ca5-9f18-ea6f10c9383e", "isDeleted:":"true", "version":"1735230576749"}}
{"logTime": "0122/030840", "correlationVector":"wuudxXEhKVQpQHXkiyZ4EO.216","action":"GetUpdates", "result":"DeleteReceived", "context":{"id":"e17cce6e-90f0-4077-9448-96a494da1d22", "isDeleted:":"true", "version":"1735258345803"}}
{"logTime": "0122/030840", "correlationVector":"wuudxXEhKVQpQHXkiyZ4EO.217","action":"GetUpdates", "result":"DeleteReceived", "context":{"id":"f58842a5-fedd-42e7-8c82-621a1be6db8d", "isDeleted:":"true", "version":"1735258460910"}}
{"logTime": "0122/030840", "correlationVector":"wuudxXEhKVQpQHXkiyZ4EO.218","action":"GetUpdates", "result":"DeleteReceived", "context":{"id":"90be6c30-8623-4540-be38-ab27fc9e9da0", "isDeleted:":"true", "version":"1735258499525"}}
{"logTime": "0122/030840", "correlationVector":"wuudxXEhKVQpQHXkiyZ4EO.219","action":"GetUpdates", "result":"DeleteReceived", "context":{"id":"8f326bd1-0a8b-4d59-ba42-6d15c1c85fa1", "isDeleted:":"true", "version":"1735258499526"}}
{"logTime": "0122/030840", "correlationVector":"wuudxXEhKVQpQHXkiyZ4EO.220","action":"GetUpdates", "result":"DeleteReceived", "context":{"id":"8c35ee75-7afe-4ec5-ae5f-4671cce96b09", "isDeleted:":"true", "version":"1735258499527"}}
{"logTime": "0122/030840", "correlationVector":"wuudxXEhKVQpQHXkiyZ4EO.221","action":"GetUpdates", "result":"DeleteReceived", "context":{"id":"f1a6eb45-0aff-473d-88a1-cca4a981ebbf", "isDeleted:":"true", "version":"1735264300461"}}
{"logTime": "0122/030840", "correlationVector":"wuudxXEhKVQpQHXkiyZ4EO.222","action":"GetUpdates", "result":"DeleteReceived", "context":{"id":"f8805848-5912-4433-891c-bd268c427622", "isDeleted:":"true", "version":"1735266546554"}}
{"logTime": "0122/030840", "correlationVector":"wuudxXEhKVQpQHXkiyZ4EO.223","action":"GetUpdates", "result":"DeleteReceived", "context":{"id":"c45e6376-f533-4878-8a80-4a385968fd78", "isDeleted:":"true", "version":"1735266546555"}}
{"logTime": "0122/030840", "correlationVector":"wuudxXEhKVQpQHXkiyZ4EO.224","action":"GetUpdates", "result":"DeleteReceived", "context":{"id":"3edf7f12-1b06-438d-a996-16de57bd8497", "isDeleted:":"true", "version":"1735266703667"}}
{"logTime": "0122/030840", "correlationVector":"wuudxXEhKVQpQHXkiyZ4EO.225","action":"GetUpdates", "result":"DeleteReceived", "context":{"id":"aefb2717-0202-4a5c-9538-1a213c323c44", "isDeleted:":"true", "version":"1735267594615"}}
{"logTime": "0122/030840", "correlationVector":"wuudxXEhKVQpQHXkiyZ4EO.226","action":"GetUpdates", "result":"DeleteReceived", "context":{"id":"041b9499-2e67-4583-bc92-a6254d7df748", "isDeleted:":"true", "version":"1735270459516"}}
{"logTime": "0122/030840", "correlationVector":"wuudxXEhKVQpQHXkiyZ4EO.227","action":"GetUpdates", "result":"DeleteReceived", "context":{"id":"945d9aaa-f82a-467e-a7cd-f02505eae484", "isDeleted:":"true", "version":"1735271368081"}}
{"logTime": "0122/030840", "correlationVector":"wuudxXEhKVQpQHXkiyZ4EO.228","action":"GetUpdates", "result":"DeleteReceived", "context":{"id":"a10556a3-fce8-414e-94bc-7f2b653911d9", "isDeleted:":"true", "version":"1735272089484"}}
{"logTime": "0122/030840", "correlationVector":"wuudxXEhKVQpQHXkiyZ4EO.229","action":"GetUpdates", "result":"DeleteReceived", "context":{"id":"f2bae249-9d7c-4fc1-b92e-f1b611bba6ae", "isDeleted:":"true", "version":"1735272752543"}}
{"logTime": "0122/030840", "correlationVector":"wuudxXEhKVQpQHXkiyZ4EO.230","action":"GetUpdates Response", "result":"Success", "context":Received 250 update(s). cV=wuudxXEhKVQpQHXkiyZ4EO.0;server=akswtt00800000l;cloudType=Consumer;environment=Prod_southindia_prod-s01-004-apac-southindia;migrationStage=NotStarted Some updates remain.}
{"logTime": "0122/030840", "correlationVector":"3DKtsCRFwHV5C9Q9N9Uk8C","action":"Initial GetUpdates", "result":"", "context":Reason: NEWLY_SUPPORTED_DATATYPE. cV=3DKtsCRFwHV5C9Q9N9Uk8C}
{"logTime": "0122/030841", "correlationVector":"3DKtsCRFwHV5C9Q9N9Uk8C.1","action":"SyncServerConnectionManagerRequest", "result":"SYNC_SERVER_OK", "context":{"environment":"Prod_southindia_prod-s01-004-apac-southindia", "migrationStage":"NotStarted", "server":"akswtt00800001c"}}
{"logTime": "0122/030841", "correlationVector":"3DKtsCRFwHV5C9Q9N9Uk8C.2","action":"GetUpdates", "result":"DeleteReceived", "context":{"id":"73d6a3f3-4b37-4724-abba-ec64ea20f1e0", "isDeleted:":"true", "version":"1735273993731"}}
{"logTime": "0122/030841", "correlationVector":"3DKtsCRFwHV5C9Q9N9Uk8C.3","action":"GetUpdates", "result":"DeleteReceived", "context":{"id":"c4904b49-25ed-45f0-a106-b08b4304aedc", "isDeleted:":"true", "version":"1735274071901"}}
{"logTime": "0122/030841", "correlationVector":"3DKtsCRFwHV5C9Q9N9Uk8C.4","action":"GetUpdates", "result":"DeleteReceived", "context":{"id":"46a4496a-ca2b-4467-901c-8c04d32eca6b", "isDeleted:":"true", "version":"1735277633365"}}
{"logTime": "0122/030841", "correlationVector":"3DKtsCRFwHV5C9Q9N9Uk8C.5","action":"GetUpdates", "result":"DeleteReceived", "context":{"id":"e6066904-0e57-46fe-b9df-5bc866c4888b", "isDeleted:":"true", "version":"1735277789079"}}
{"logTime": "0122/030841", "correlationVector":"3DKtsCRFwHV5C9Q9N9Uk8C.6","action":"GetUpdates", "result":"DeleteReceived", "context":{"id":"ce9cb8d1-06f7-40fd-9f2f-b654fea7af45", "isDeleted:":"true", "version":"1735279014659"}}
{"logTime": "0122/030841", "correlationVector":"3DKtsCRFwHV5C9Q9N9Uk8C.7","action":"GetUpdates", "result":"DeleteReceived", "context":{"id":"0f8ed6d6-2782-4152-a7ba-47b735d29727", "isDeleted:":"true", "version":"1735294344622"}}
{"logTime": "0122/030841", "correlationVector":"3DKtsCRFwHV5C9Q9N9Uk8C.8","action":"GetUpdates", "result":"DeleteReceived", "context":{"id":"7052c184-0b64-45bd-a49b-3e6eeb0f333a", "isDeleted:":"true", "version":"1735294344623"}}
{"logTime": "0122/030841", "correlationVector":"3DKtsCRFwHV5C9Q9N9Uk8C.9","action":"GetUpdates", "result":"DeleteReceived", "context":{"id":"9fbe7158-7fca-49cd-97ef-735eb3aa02b5", "isDeleted:":"true", "version":"1735296407505"}}
{"logTime": "0122/030841", "correlationVector":"3DKtsCRFwHV5C9Q9N9Uk8C.10","action":"GetUpdates", "result":"DeleteReceived", "context":{"id":"6a516cca-39b9-4d72-84b0-fa97ef677710", "isDeleted:":"true", "version":"1735298059645"}}
{"logTime": "0122/030841", "correlationVector":"3DKtsCRFwHV5C9Q9N9Uk8C.11","action":"GetUpdates", "result":"DeleteReceived", "context":{"id":"93a12fa0-b537-4e70-9692-152b7f28012f", "isDeleted:":"true", "version":"1735328641512"}}
{"logTime": "0122/030841", "correlationVector":"3DKtsCRFwHV5C9Q9N9Uk8C.12","action":"GetUpdates", "result":"DeleteReceived", "context":{"id":"31508eee-e77c-4ffb-b39a-2c0d9e053a34", "isDeleted:":"true", "version":"1735362934599"}}
{"logTime": "0122/030841", "correlationVector":"3DKtsCRFwHV5C9Q9N9Uk8C.13","action":"GetUpdates", "result":"DeleteReceived", "context":{"id":"22e73815-69e4-4894-ad52-5753108df57c", "isDeleted:":"true", "version":"1735363353530"}}
{"logTime": "0122/030841", "correlationVector":"3DKtsCRFwHV5C9Q9N9Uk8C.14","action":"GetUpdates", "result":"DeleteReceived", "context":{"id":"886aae18-fbd2-42f0-ac9e-4c3be6201f37", "isDeleted:":"true", "version":"1735367843487"}}
{"logTime": "0122/030841", "correlationVector":"3DKtsCRFwHV5C9Q9N9Uk8C.15","action":"GetUpdates", "result":"DeleteReceived", "context":{"id":"3169f02c-f996-4ced-8538-afbbbe903ab1", "isDeleted:":"true", "version":"1735367843489"}}
{"logTime": "0122/030841", "correlationVector":"3DKtsCRFwHV5C9Q9N9Uk8C.16","action":"GetUpdates", "result":"DeleteReceived", "context":{"id":"a02ffa05-cabe-4ef3-a0e5-07c1b737d074", "isDeleted:":"true", "version":"1735367843490"}}
{"logTime": "0122/030841", "correlationVector":"3DKtsCRFwHV5C9Q9N9Uk8C.17","action":"GetUpdates", "result":"DeleteReceived", "context":{"id":"e9c55181-2c57-4f92-b49d-0c9021b73120", "isDeleted:":"true", "version":"1735367843491"}}
{"logTime": "0122/030841", "correlationVector":"3DKtsCRFwHV5C9Q9N9Uk8C.18","action":"GetUpdates", "result":"DeleteReceived", "context":{"id":"ed979c55-f836-4c05-981a-f2b042231db1", "isDeleted:":"true", "version":"1735370866555"}}
{"logTime": "0122/030841", "correlationVector":"3DKtsCRFwHV5C9Q9N9Uk8C.19","action":"GetUpdates", "result":"DeleteReceived", "context":{"id":"ca01f192-23ce-46f8-9816-e2cddd2542f0", "isDeleted:":"true", "version":"1735375909793"}}
{"logTime": "0122/030841", "correlationVector":"3DKtsCRFwHV5C9Q9N9Uk8C.20","action":"GetUpdates", "result":"DeleteReceived", "context":{"id":"430572e5-6cb4-441b-9c45-a2e4310223e2", "isDeleted:":"true", "version":"1735377854668"}}
{"logTime": "0122/030841", "correlationVector":"3DKtsCRFwHV5C9Q9N9Uk8C.21","action":"GetUpdates", "result":"DeleteReceived", "context":{"id":"faf89a78-bb93-4b44-8e4f-6325b91c41b6", "isDeleted:":"true", "version":"1735377854669"}}
{"logTime": "0122/030841", "correlationVector":"3DKtsCRFwHV5C9Q9N9Uk8C.22","action":"GetUpdates", "result":"DeleteReceived", "context":{"id":"15622bf1-2eee-46bd-9bd8-9e83253d6309", "isDeleted:":"true", "version":"1735382576544"}}
{"logTime": "0122/030841", "correlationVector":"3DKtsCRFwHV5C9Q9N9Uk8C.23","action":"GetUpdates", "result":"DeleteReceived", "context":{"id":"de005cab-5c60-4383-9067-6a4ec9cab35c", "isDeleted:":"true", "version":"1735382663290"}}
{"logTime": "0122/030841", "correlationVector":"3DKtsCRFwHV5C9Q9N9Uk8C.24","action":"GetUpdates", "result":"DeleteReceived", "context":{"id":"1c755a5a-70d5-479f-a41e-74b43f159296", "isDeleted:":"true", "version":"1735382663292"}}
{"logTime": "0122/030841", "correlationVector":"3DKtsCRFwHV5C9Q9N9Uk8C.25","action":"GetUpdates", "result":"DeleteReceived", "context":{"id":"d32d868e-05b0-4082-8cc6-6f55a2719303", "isDeleted:":"true", "version":"1735382730618"}}
{"logTime": "0122/030841", "correlationVector":"3DKtsCRFwHV5C9Q9N9Uk8C.26","action":"GetUpdates", "result":"DeleteReceived", "context":{"id":"6a6b5c70-4e2d-4c4d-8e13-4db21c8c09d6", "isDeleted:":"true", "version":"1735382730619"}}
{"logTime": "0122/030841", "correlationVector":"3DKtsCRFwHV5C9Q9N9Uk8C.27","action":"GetUpdates", "result":"DeleteReceived", "context":{"id":"e1ac161e-10be-45cb-9398-7d3c51e240e1", "isDeleted:":"true", "version":"1735382730620"}}
{"logTime": "0122/030841", "correlationVector":"3DKtsCRFwHV5C9Q9N9Uk8C.28","action":"GetUpdates", "result":"DeleteReceived", "context":{"id":"71051418-4c75-4166-a485-a232a69360da", "isDeleted:":"true", "version":"1735392476117"}}
{"logTime": "0122/030841", "correlationVector":"3DKtsCRFwHV5C9Q9N9Uk8C.29","action":"GetUpdates", "result":"DeleteReceived", "context":{"id":"ab46a124-0aec-4d77-b072-691ba099c59b", "isDeleted:":"true", "version":"1735392476119"}}
{"logTime": "0122/030841", "correlationVector":"3DKtsCRFwHV5C9Q9N9Uk8C.30","action":"GetUpdates", "result":"DeleteReceived", "context":{"id":"f725703b-6d05-485a-8db2-8a58ffacfcae", "isDeleted:":"true", "version":"1735393405167"}}
{"logTime": "0122/030841", "correlationVector":"3DKtsCRFwHV5C9Q9N9Uk8C.31","action":"GetUpdates", "result":"DeleteReceived", "context":{"id":"95a52ad6-ab1f-4379-acf5-eaf34ed51f72", "isDeleted:":"true", "version":"1735393435447"}}
{"logTime": "0122/030841", "correlationVector":"3DKtsCRFwHV5C9Q9N9Uk8C.32","action":"GetUpdates", "result":"DeleteReceived", "context":{"id":"522634e8-c472-41d8-9442-0b8c0595bf1a", "isDeleted:":"true", "version":"1735399594210"}}
{"logTime": "0122/030841", "correlationVector":"3DKtsCRFwHV5C9Q9N9Uk8C.33","action":"GetUpdates", "result":"DeleteReceived", "context":{"id":"95ffa6dc-eb5f-48db-837e-99c4e63cefb0", "isDeleted:":"true", "version":"1735401935359"}}
{"logTime": "0122/030841", "correlationVector":"3DKtsCRFwHV5C9Q9N9Uk8C.34","action":"GetUpdates", "result":"DeleteReceived", "context":{"id":"f7cb3067-502c-4e52-84c8-ea42c8bfb3af", "isDeleted:":"true", "version":"1735401935360"}}
{"logTime": "0122/030841", "correlationVector":"3DKtsCRFwHV5C9Q9N9Uk8C.35","action":"GetUpdates", "result":"DeleteReceived", "context":{"id":"f18c8441-a374-4dfb-9616-739e17c4b48e", "isDeleted:":"true", "version":"1735401935361"}}
{"logTime": "0122/030841", "correlationVector":"3DKtsCRFwHV5C9Q9N9Uk8C.36","action":"GetUpdates", "result":"DeleteReceived", "context":{"id":"ada79ca7-cdd3-4479-bc0b-c9214e157289", "isDeleted:":"true", "version":"1735402071650"}}
{"logTime": "0122/030841", "correlationVector":"3DKtsCRFwHV5C9Q9N9Uk8C.37","action":"GetUpdates", "result":"DeleteReceived", "context":{"id":"56a50b2e-793a-47ab-9636-65ee07988471", "isDeleted:":"true", "version":"1735402429647"}}
{"logTime": "0122/030841", "correlationVector":"3DKtsCRFwHV5C9Q9N9Uk8C.38","action":"GetUpdates", "result":"DeleteReceived", "context":{"id":"8402a1c4-1d29-4b2c-baa7-5f58aab24961", "isDeleted:":"true", "version":"1735402724049"}}
{"logTime": "0122/030841", "correlationVector":"3DKtsCRFwHV5C9Q9N9Uk8C.39","action":"GetUpdates", "result":"DeleteReceived", "context":{"id":"6ca58efb-44d8-48c2-b225-2beb34d1b046", "isDeleted:":"true", "version":"1735404223189"}}
{"logTime": "0122/030841", "correlationVector":"3DKtsCRFwHV5C9Q9N9Uk8C.40","action":"GetUpdates", "result":"DeleteReceived", "context":{"id":"cf7e438f-961f-4d7f-81a7-8a25ba8e3ae5", "isDeleted:":"true", "version":"1735404223191"}}
{"logTime": "0122/030841", "correlationVector":"3DKtsCRFwHV5C9Q9N9Uk8C.41","action":"GetUpdates", "result":"DeleteReceived", "context":{"id":"8ae03324-755b-43c9-83d7-f37cb2bfebab", "isDeleted:":"true", "version":"1735465182962"}}
{"logTime": "0122/030841", "correlationVector":"3DKtsCRFwHV5C9Q9N9Uk8C.42","action":"GetUpdates", "result":"DeleteReceived", "context":{"id":"bbd54f48-98d6-49d0-9de8-e0a414fd9a93", "isDeleted:":"true", "version":"1735465364085"}}
{"logTime": "0122/030841", "correlationVector":"3DKtsCRFwHV5C9Q9N9Uk8C.43","action":"GetUpdates", "result":"DeleteReceived", "context":{"id":"ed407fe3-f67e-41b0-8068-64e92e391994", "isDeleted:":"true", "version":"1735465647086"}}
{"logTime": "0122/030841", "correlationVector":"3DKtsCRFwHV5C9Q9N9Uk8C.44","action":"GetUpdates", "result":"DeleteReceived", "context":{"id":"0190f1de-cbaa-44ac-b4ff-a0fc102a6ca7", "isDeleted:":"true", "version":"1735469335909"}}
{"logTime": "0122/030841", "correlationVector":"3DKtsCRFwHV5C9Q9N9Uk8C.45","action":"GetUpdates", "result":"DeleteReceived", "context":{"id":"4ee7ca59-7f30-487f-8bdd-36d5fbd2c849", "isDeleted:":"true", "version":"1735469471889"}}
{"logTime": "0122/030841", "correlationVector":"3DKtsCRFwHV5C9Q9N9Uk8C.46","action":"GetUpdates", "result":"DeleteReceived", "context":{"id":"1e53458f-47a6-4dfd-b278-af94f3a6c705", "isDeleted:":"true", "version":"1735481559964"}}
{"logTime": "0122/030841", "correlationVector":"3DKtsCRFwHV5C9Q9N9Uk8C.47","action":"GetUpdates", "result":"DeleteReceived", "context":{"id":"f01d95bc-5965-46e3-a269-97ae541136a9", "isDeleted:":"true", "version":"1735483903911"}}
{"logTime": "0122/030841", "correlationVector":"3DKtsCRFwHV5C9Q9N9Uk8C.48","action":"GetUpdates", "result":"DeleteReceived", "context":{"id":"e67e1cfe-0c6e-4ecd-84a2-08115f04920b", "isDeleted:":"true", "version":"1735529324414"}}
{"logTime": "0122/030841", "correlationVector":"3DKtsCRFwHV5C9Q9N9Uk8C.49","action":"GetUpdates", "result":"DeleteReceived", "context":{"id":"8a6d76b4-ce37-4cf5-9e05-311f670bd3fb", "isDeleted:":"true", "version":"1735529450881"}}
{"logTime": "0122/030841", "correlationVector":"3DKtsCRFwHV5C9Q9N9Uk8C.50","action":"GetUpdates", "result":"DeleteReceived", "context":{"id":"49deeaa1-16df-41eb-ba52-52a2def50191", "isDeleted:":"true", "version":"1735538350080"}}
{"logTime": "0122/030841", "correlationVector":"3DKtsCRFwHV5C9Q9N9Uk8C.51","action":"GetUpdates", "result":"DeleteReceived", "context":{"id":"fc743a86-b65f-4db9-8cea-ec25966658e1", "isDeleted:":"true", "version":"1735549998097"}}
{"logTime": "0122/030841", "correlationVector":"3DKtsCRFwHV5C9Q9N9Uk8C.52","action":"GetUpdates", "result":"DeleteReceived", "context":{"id":"abd83c71-0dd6-41b2-88cc-6e69a1bea573", "isDeleted:":"true", "version":"1735549998098"}}
{"logTime": "0122/030841", "correlationVector":"3DKtsCRFwHV5C9Q9N9Uk8C.53","action":"GetUpdates", "result":"DeleteReceived", "context":{"id":"4517e934-afd5-456a-84bf-2911ce057d6e", "isDeleted:":"true", "version":"1735553273580"}}
{"logTime": "0122/030841", "correlationVector":"3DKtsCRFwHV5C9Q9N9Uk8C.54","action":"GetUpdates", "result":"DeleteReceived", "context":{"id":"7f584c13-a093-498a-9c46-bb8d4c239c63", "isDeleted:":"true", "version":"1735564685145"}}
{"logTime": "0122/030841", "correlationVector":"3DKtsCRFwHV5C9Q9N9Uk8C.55","action":"GetUpdates", "result":"DeleteReceived", "context":{"id":"9a960263-27a7-4506-a674-0c98433fc142", "isDeleted:":"true", "version":"1735564719759"}}
{"logTime": "0122/030841", "correlationVector":"3DKtsCRFwHV5C9Q9N9Uk8C.56","action":"GetUpdates", "result":"DeleteReceived", "context":{"id":"d87c9e49-0425-42e9-8a49-76cc18ced52c", "isDeleted:":"true", "version":"1735564868116"}}
{"logTime": "0122/030841", "correlationVector":"3DKtsCRFwHV5C9Q9N9Uk8C.57","action":"GetUpdates", "result":"DeleteReceived", "context":{"id":"45bf16d4-b4e6-47b3-9472-92b56fd97263", "isDeleted:":"true", "version":"1735579549265"}}
{"logTime": "0122/030841", "correlationVector":"3DKtsCRFwHV5C9Q9N9Uk8C.58","action":"GetUpdates", "result":"DeleteReceived", "context":{"id":"7c1e1963-883e-4d87-9eac-9bea0a0e383d", "isDeleted:":"true", "version":"1735579549267"}}
{"logTime": "0122/030841", "correlationVector":"3DKtsCRFwHV5C9Q9N9Uk8C.59","action":"GetUpdates", "result":"DeleteReceived", "context":{"id":"a882cfdc-bd4b-4e14-a174-8d6a07b533e5", "isDeleted:":"true", "version":"1735579549268"}}
{"logTime": "0122/030841", "correlationVector":"3DKtsCRFwHV5C9Q9N9Uk8C.60","action":"GetUpdates", "result":"DeleteReceived", "context":{"id":"4c0793bc-520d-4560-849a-3cf04122dfad", "isDeleted:":"true", "version":"1735579761871"}}
{"logTime": "0122/030841", "correlationVector":"3DKtsCRFwHV5C9Q9N9Uk8C.61","action":"GetUpdates", "result":"DeleteReceived", "context":{"id":"3604c540-d209-4390-9d96-82ff9596d25c", "isDeleted:":"true", "version":"1735579761872"}}
{"logTime": "0122/030841", "correlationVector":"3DKtsCRFwHV5C9Q9N9Uk8C.62","action":"GetUpdates", "result":"DeleteReceived", "context":{"id":"2fec3985-f68c-4d10-98b5-a19e887c021d", "isDeleted:":"true", "version":"1735579761873"}}
{"logTime": "0122/030841", "correlationVector":"3DKtsCRFwHV5C9Q9N9Uk8C.63","action":"GetUpdates", "result":"DeleteReceived", "context":{"id":"6b9bf5d9-de86-4492-bdac-ab4ad37debd8", "isDeleted:":"true", "version":"1735628292031"}}
{"logTime": "0122/030841", "correlationVector":"3DKtsCRFwHV5C9Q9N9Uk8C.64","action":"GetUpdates", "result":"DeleteReceived", "context":{"id":"fc6003ec-6479-4030-a677-140a42ff998c", "isDeleted:":"true", "version":"1735628426932"}}
{"logTime": "0122/030841", "correlationVector":"3DKtsCRFwHV5C9Q9N9Uk8C.65","action":"GetUpdates", "result":"DeleteReceived", "context":{"id":"1d6254ac-bce6-48af-88d8-178000678303", "isDeleted:":"true", "version":"1735631998872"}}
{"logTime": "0122/030841", "correlationVector":"3DKtsCRFwHV5C9Q9N9Uk8C.66","action":"GetUpdates", "result":"DeleteReceived", "context":{"id":"04bfe5a5-2ceb-499c-852d-0b332e17e000", "isDeleted:":"true", "version":"1735652661065"}}
{"logTime": "0122/030841", "correlationVector":"3DKtsCRFwHV5C9Q9N9Uk8C.67","action":"GetUpdates", "result":"DeleteReceived", "context":{"id":"2b8f5c06-f105-47b2-8689-c3a26b20e003", "isDeleted:":"true", "version":"1735702816817"}}
{"logTime": "0122/030841", "correlationVector":"3DKtsCRFwHV5C9Q9N9Uk8C.68","action":"GetUpdates", "result":"DeleteReceived", "context":{"id":"0b79291a-678f-4753-9fab-3c10a368771f", "isDeleted:":"true", "version":"1735702999888"}}
{"logTime": "0122/030841", "correlationVector":"3DKtsCRFwHV5C9Q9N9Uk8C.69","action":"GetUpdates", "result":"DeleteReceived", "context":{"id":"7537f736-1d8a-4868-affb-9fbdd0db5de9", "isDeleted:":"true", "version":"1735702999889"}}
{"logTime": "0122/030841", "correlationVector":"3DKtsCRFwHV5C9Q9N9Uk8C.70","action":"GetUpdates", "result":"DeleteReceived", "context":{"id":"2e54764a-1319-480f-bc01-3e84ee000d70", "isDeleted:":"true", "version":"1735703019009"}}
{"logTime": "0122/030841", "correlationVector":"3DKtsCRFwHV5C9Q9N9Uk8C.71","action":"GetUpdates", "result":"DeleteReceived", "context":{"id":"28d4d5d0-c2bb-4455-9f30-2af064944ef0", "isDeleted:":"true", "version":"1735704737253"}}
{"logTime": "0122/030841", "correlationVector":"3DKtsCRFwHV5C9Q9N9Uk8C.72","action":"GetUpdates", "result":"DeleteReceived", "context":{"id":"17f50860-d868-44c2-b89d-fae61f591ce6", "isDeleted:":"true", "version":"1735709918008"}}
{"logTime": "0122/030841", "correlationVector":"3DKtsCRFwHV5C9Q9N9Uk8C.73","action":"GetUpdates", "result":"DeleteReceived", "context":{"id":"cf4144b6-c9c0-4aa7-b82b-f7f80e5f3687", "isDeleted:":"true", "version":"1735739868104"}}
{"logTime": "0122/030841", "correlationVector":"3DKtsCRFwHV5C9Q9N9Uk8C.74","action":"GetUpdates", "result":"DeleteReceived", "context":{"id":"91fb5d6b-44ee-4519-9871-62aab749f3c9", "isDeleted:":"true", "version":"1735744491825"}}
{"logTime": "0122/030841", "correlationVector":"3DKtsCRFwHV5C9Q9N9Uk8C.75","action":"GetUpdates", "result":"DeleteReceived", "context":{"id":"21cd2402-321d-4529-b191-96a5fe6ffda6", "isDeleted:":"true", "version":"1735745190197"}}
{"logTime": "0122/030841", "correlationVector":"3DKtsCRFwHV5C9Q9N9Uk8C.76","action":"GetUpdates", "result":"DeleteReceived", "context":{"id":"df1be4d2-1f45-4567-ac0c-4942664fb861", "isDeleted:":"true", "version":"1735745723327"}}
{"logTime": "0122/030841", "correlationVector":"3DKtsCRFwHV5C9Q9N9Uk8C.77","action":"GetUpdates", "result":"DeleteReceived", "context":{"id":"25ec8356-242f-4b86-9ecd-7bea4f1c808a", "isDeleted:":"true", "version":"1735745757713"}}
{"logTime": "0122/030841", "correlationVector":"3DKtsCRFwHV5C9Q9N9Uk8C.78","action":"GetUpdates", "result":"DeleteReceived", "context":{"id":"eea0381c-d9f6-4ced-b8ea-575ecd65ccff", "isDeleted:":"true", "version":"1735745907584"}}
{"logTime": "0122/030841", "correlationVector":"3DKtsCRFwHV5C9Q9N9Uk8C.79","action":"GetUpdates", "result":"DeleteReceived", "context":{"id":"d0b25469-41fc-41f2-8fe5-de56fa003259", "isDeleted:":"true", "version":"1735746035874"}}
{"logTime": "0122/030841", "correlationVector":"3DKtsCRFwHV5C9Q9N9Uk8C.80","action":"GetUpdates", "result":"DeleteReceived", "context":{"id":"e52a911d-a55b-45b5-b322-1cf4dab81b2c", "isDeleted:":"true", "version":"1735746631475"}}
{"logTime": "0122/030841", "correlationVector":"3DKtsCRFwHV5C9Q9N9Uk8C.81","action":"GetUpdates", "result":"DeleteReceived", "context":{"id":"40e59757-96c9-4a78-bfd0-8583b6136509", "isDeleted:":"true", "version":"1735747450683"}}
{"logTime": "0122/030841", "correlationVector":"3DKtsCRFwHV5C9Q9N9Uk8C.82","action":"GetUpdates", "result":"DeleteReceived", "context":{"id":"90187cc9-97ce-4a74-9816-c2a7daacd5d1", "isDeleted:":"true", "version":"1735747754362"}}
{"logTime": "0122/030841", "correlationVector":"3DKtsCRFwHV5C9Q9N9Uk8C.83","action":"GetUpdates", "result":"DeleteReceived", "context":{"id":"054448d6-8120-44d1-90d9-c6d9dd6c77f4", "isDeleted:":"true", "version":"1735748676172"}}
{"logTime": "0122/030841", "correlationVector":"3DKtsCRFwHV5C9Q9N9Uk8C.84","action":"GetUpdates", "result":"DeleteReceived", "context":{"id":"4b283b61-54e7-4339-8fa4-d5d8b23badcd", "isDeleted:":"true", "version":"1735748676173"}}
{"logTime": "0122/030841", "correlationVector":"3DKtsCRFwHV5C9Q9N9Uk8C.85","action":"GetUpdates", "result":"DeleteReceived", "context":{"id":"bebd8c0b-e51e-4b5f-9d4a-99451d786a44", "isDeleted:":"true", "version":"1735749391599"}}
{"logTime": "0122/030841", "correlationVector":"3DKtsCRFwHV5C9Q9N9Uk8C.86","action":"GetUpdates", "result":"DeleteReceived", "context":{"id":"ec62662b-1776-4122-97ed-f6345a5c0482", "isDeleted:":"true", "version":"1735749391600"}}
{"logTime": "0122/030841", "correlationVector":"3DKtsCRFwHV5C9Q9N9Uk8C.87","action":"GetUpdates", "result":"DeleteReceived", "context":{"id":"f096e063-e5cd-461f-be55-fc9788da0f6d", "isDeleted:":"true", "version":"1735801170244"}}
{"logTime": "0122/030841", "correlationVector":"3DKtsCRFwHV5C9Q9N9Uk8C.88","action":"GetUpdates", "result":"DeleteReceived", "context":{"id":"1c318ab2-72f6-4d1b-a0bd-94b7fd6d7089", "isDeleted:":"true", "version":"1735812777632"}}
{"logTime": "0122/030841", "correlationVector":"3DKtsCRFwHV5C9Q9N9Uk8C.89","action":"GetUpdates", "result":"DeleteReceived", "context":{"id":"f31c798c-c7dd-4440-8721-54a1de0b98ab", "isDeleted:":"true", "version":"1735812777634"}}
{"logTime": "0122/030841", "correlationVector":"3DKtsCRFwHV5C9Q9N9Uk8C.90","action":"GetUpdates", "result":"DeleteReceived", "context":{"id":"cad7e0a5-5f09-4f4f-adaa-f8f65f8dc5b2", "isDeleted:":"true", "version":"1735815082240"}}
{"logTime": "0122/030841", "correlationVector":"3DKtsCRFwHV5C9Q9N9Uk8C.91","action":"GetUpdates", "result":"DeleteReceived", "context":{"id":"114d87fe-9741-40d4-9594-cdf33299a02e", "isDeleted:":"true", "version":"1735816786073"}}
{"logTime": "0122/030841", "correlationVector":"3DKtsCRFwHV5C9Q9N9Uk8C.92","action":"GetUpdates", "result":"DeleteReceived", "context":{"id":"b6c8d3d9-39b8-4ad4-8aa0-e8457ad30197", "isDeleted:":"true", "version":"1735819191024"}}
{"logTime": "0122/030841", "correlationVector":"3DKtsCRFwHV5C9Q9N9Uk8C.93","action":"GetUpdates", "result":"DeleteReceived", "context":{"id":"a63a069d-b0e3-4827-b0e5-891378b5c95d", "isDeleted:":"true", "version":"1735819766333"}}
{"logTime": "0122/030841", "correlationVector":"3DKtsCRFwHV5C9Q9N9Uk8C.94","action":"GetUpdates", "result":"DeleteReceived", "context":{"id":"9e6a35d6-7d57-4996-934a-c835f4e44e3a", "isDeleted:":"true", "version":"1735819851484"}}
{"logTime": "0122/030841", "correlationVector":"3DKtsCRFwHV5C9Q9N9Uk8C.95","action":"GetUpdates", "result":"DeleteReceived", "context":{"id":"8e60d124-4fdf-4a94-9b89-ad1964ab4b28", "isDeleted:":"true", "version":"1735819997269"}}
{"logTime": "0122/030841", "correlationVector":"3DKtsCRFwHV5C9Q9N9Uk8C.96","action":"GetUpdates", "result":"DeleteReceived", "context":{"id":"33f6abc2-b8f6-4a6a-967a-08b61473596b", "isDeleted:":"true", "version":"1735820353286"}}
{"logTime": "0122/030841", "correlationVector":"3DKtsCRFwHV5C9Q9N9Uk8C.97","action":"GetUpdates", "result":"DeleteReceived", "context":{"id":"55563ffc-8f18-4b09-8e38-37b1c7ae973c", "isDeleted:":"true", "version":"1735820652479"}}
{"logTime": "0122/030841", "correlationVector":"3DKtsCRFwHV5C9Q9N9Uk8C.98","action":"GetUpdates", "result":"DeleteReceived", "context":{"id":"2d9bb984-76f5-4cbf-96d4-89e79ec514df", "isDeleted:":"true", "version":"1735821241884"}}
{"logTime": "0122/030841", "correlationVector":"3DKtsCRFwHV5C9Q9N9Uk8C.99","action":"GetUpdates", "result":"DeleteReceived", "context":{"id":"0a36f42f-764c-4784-a588-f346103b1090", "isDeleted:":"true", "version":"1735824223443"}}
{"logTime": "0122/030841", "correlationVector":"3DKtsCRFwHV5C9Q9N9Uk8C.100","action":"GetUpdates", "result":"DeleteReceived", "context":{"id":"ca20604c-bb68-4685-b1c8-237c1d70311c", "isDeleted:":"true", "version":"1735825366359"}}
{"logTime": "0122/030841", "correlationVector":"3DKtsCRFwHV5C9Q9N9Uk8C.101","action":"GetUpdates", "result":"DeleteReceived", "context":{"id":"17f8fd7a-cc8d-4c0f-a179-3fab5a5da9f6", "isDeleted:":"true", "version":"1735825508031"}}
{"logTime": "0122/030841", "correlationVector":"3DKtsCRFwHV5C9Q9N9Uk8C.102","action":"GetUpdates", "result":"DeleteReceived", "context":{"id":"7c6a91a2-c80b-4972-8391-c58fbf072fa6", "isDeleted:":"true", "version":"1735827096697"}}
{"logTime": "0122/030841", "correlationVector":"3DKtsCRFwHV5C9Q9N9Uk8C.103","action":"GetUpdates", "result":"DeleteReceived", "context":{"id":"effdb59f-9b4d-4ffa-9151-6896bfe8f004", "isDeleted:":"true", "version":"1735829330816"}}
{"logTime": "0122/030841", "correlationVector":"3DKtsCRFwHV5C9Q9N9Uk8C.104","action":"GetUpdates", "result":"DeleteReceived", "context":{"id":"8c1cef7f-09b3-4b28-8d28-d55a6415d3d6", "isDeleted:":"true", "version":"1735829538228"}}
{"logTime": "0122/030841", "correlationVector":"3DKtsCRFwHV5C9Q9N9Uk8C.105","action":"GetUpdates", "result":"DeleteReceived", "context":{"id":"e8a3ce38-e676-4098-9726-06aa9c4a5514", "isDeleted:":"true", "version":"1735829538230"}}
{"logTime": "0122/030841", "correlationVector":"3DKtsCRFwHV5C9Q9N9Uk8C.106","action":"GetUpdates", "result":"DeleteReceived", "context":{"id":"089f2085-0baa-4566-8075-bd5274a3db8f", "isDeleted:":"true", "version":"1735829950534"}}
{"logTime": "0122/030841", "correlationVector":"3DKtsCRFwHV5C9Q9N9Uk8C.107","action":"GetUpdates", "result":"DeleteReceived", "context":{"id":"7ce007b3-96bd-4089-b7a0-7977218eb3c6", "isDeleted:":"true", "version":"1735829950535"}}
{"logTime": "0122/030841", "correlationVector":"3DKtsCRFwHV5C9Q9N9Uk8C.108","action":"GetUpdates", "result":"DeleteReceived", "context":{"id":"5f48430e-9862-4958-91da-9f500639066f", "isDeleted:":"true", "version":"1735829950536"}}
{"logTime": "0122/030841", "correlationVector":"3DKtsCRFwHV5C9Q9N9Uk8C.109","action":"GetUpdates", "result":"DeleteReceived", "context":{"id":"a821b6a7-c34e-43b1-8b1b-ade16c2282d7", "isDeleted:":"true", "version":"1735829950537"}}
{"logTime": "0122/030841", "correlationVector":"3DKtsCRFwHV5C9Q9N9Uk8C.110","action":"GetUpdates", "result":"DeleteReceived", "context":{"id":"2d6044e6-ba33-4002-b4b7-06d03542e307", "isDeleted:":"true", "version":"1735830319464"}}
{"logTime": "0122/030841", "correlationVector":"3DKtsCRFwHV5C9Q9N9Uk8C.111","action":"GetUpdates", "result":"DeleteReceived", "context":{"id":"b7c210f0-0774-4bb3-9b8b-d4707b0489f9", "isDeleted:":"true", "version":"1735830319465"}}
{"logTime": "0122/030841", "correlationVector":"3DKtsCRFwHV5C9Q9N9Uk8C.112","action":"GetUpdates", "result":"DeleteReceived", "context":{"id":"a7c9f59a-62ea-4494-8170-0a0ed331c94f", "isDeleted:":"true", "version":"1735894405780"}}
{"logTime": "0122/030841", "correlationVector":"3DKtsCRFwHV5C9Q9N9Uk8C.113","action":"GetUpdates", "result":"DeleteReceived", "context":{"id":"ade56e39-31ac-4932-a523-73c88b738739", "isDeleted:":"true", "version":"1735911635871"}}
{"logTime": "0122/030841", "correlationVector":"3DKtsCRFwHV5C9Q9N9Uk8C.114","action":"GetUpdates", "result":"DeleteReceived", "context":{"id":"1c7428e9-204a-4224-a63a-8c5e40e2fed8", "isDeleted:":"true", "version":"1735917245918"}}
{"logTime": "0122/030841", "correlationVector":"3DKtsCRFwHV5C9Q9N9Uk8C.115","action":"GetUpdates", "result":"DeleteReceived", "context":{"id":"4e149a43-0982-483b-9b01-13194646d38b", "isDeleted:":"true", "version":"1735917245920"}}
{"logTime": "0122/030841", "correlationVector":"3DKtsCRFwHV5C9Q9N9Uk8C.116","action":"GetUpdates", "result":"DeleteReceived", "context":{"id":"0d309399-d9b1-4fcb-bd4e-013558649b42", "isDeleted:":"true", "version":"1735917734955"}}
{"logTime": "0122/030841", "correlationVector":"3DKtsCRFwHV5C9Q9N9Uk8C.117","action":"GetUpdates", "result":"DeleteReceived", "context":{"id":"1aa39b71-d6a1-4951-aaeb-05cc8e25f951", "isDeleted:":"true", "version":"1735960694878"}}
{"logTime": "0122/030841", "correlationVector":"3DKtsCRFwHV5C9Q9N9Uk8C.118","action":"GetUpdates", "result":"DeleteReceived", "context":{"id":"416b173e-249b-482c-8c97-909610e9a9a7", "isDeleted:":"true", "version":"1735961092590"}}
{"logTime": "0122/030841", "correlationVector":"3DKtsCRFwHV5C9Q9N9Uk8C.119","action":"GetUpdates", "result":"DeleteReceived", "context":{"id":"34a921f4-a043-4709-9435-b0f948b52481", "isDeleted:":"true", "version":"1735965326410"}}
{"logTime": "0122/030841", "correlationVector":"3DKtsCRFwHV5C9Q9N9Uk8C.120","action":"GetUpdates", "result":"DeleteReceived", "context":{"id":"a916039b-3f5c-4903-bbf8-103e8601b282", "isDeleted:":"true", "version":"1735967092140"}}
{"logTime": "0122/030841", "correlationVector":"3DKtsCRFwHV5C9Q9N9Uk8C.121","action":"GetUpdates", "result":"DeleteReceived", "context":{"id":"33d46599-1b1d-4b3f-9e54-f202fca9b6cd", "isDeleted:":"true", "version":"1735967092142"}}
{"logTime": "0122/030841", "correlationVector":"3DKtsCRFwHV5C9Q9N9Uk8C.122","action":"GetUpdates", "result":"DeleteReceived", "context":{"id":"93636080-ec21-4708-ba9a-7bb04b094491", "isDeleted:":"true", "version":"1735986559264"}}
{"logTime": "0122/030841", "correlationVector":"3DKtsCRFwHV5C9Q9N9Uk8C.123","action":"GetUpdates", "result":"DeleteReceived", "context":{"id":"c47249c2-eabc-4fd8-9c46-d7ba2a1b4b57", "isDeleted:":"true", "version":"1736003508638"}}
{"logTime": "0122/030841", "correlationVector":"3DKtsCRFwHV5C9Q9N9Uk8C.124","action":"GetUpdates", "result":"DeleteReceived", "context":{"id":"326370b1-de1c-4e48-8ee5-1bcc647c5c56", "isDeleted:":"true", "version":"1736056429431"}}
{"logTime": "0122/030841", "correlationVector":"3DKtsCRFwHV5C9Q9N9Uk8C.125","action":"GetUpdates", "result":"DeleteReceived", "context":{"id":"2bca287d-02fc-4980-b550-fb9c7b71519e", "isDeleted:":"true", "version":"1736066480032"}}
{"logTime": "0122/030841", "correlationVector":"3DKtsCRFwHV5C9Q9N9Uk8C.126","action":"GetUpdates", "result":"DeleteReceived", "context":{"id":"3c9cd17d-77f8-4531-905b-8f56bbdf59ca", "isDeleted:":"true", "version":"1736066873607"}}
{"logTime": "0122/030841", "correlationVector":"3DKtsCRFwHV5C9Q9N9Uk8C.127","action":"GetUpdates", "result":"DeleteReceived", "context":{"id":"c31d5465-dd2a-4400-b834-dccdc3fab712", "isDeleted:":"true", "version":"1736068051431"}}
{"logTime": "0122/030841", "correlationVector":"3DKtsCRFwHV5C9Q9N9Uk8C.128","action":"GetUpdates", "result":"DeleteReceived", "context":{"id":"1868065a-b0b2-4f60-b126-fe11bee98cf3", "isDeleted:":"true", "version":"1736069805096"}}
{"logTime": "0122/030841", "correlationVector":"3DKtsCRFwHV5C9Q9N9Uk8C.129","action":"GetUpdates", "result":"DeleteReceived", "context":{"id":"e2126cc3-216e-4492-a1e0-e7bae7c17ed2", "isDeleted:":"true", "version":"1736069805099"}}
{"logTime": "0122/030841", "correlationVector":"3DKtsCRFwHV5C9Q9N9Uk8C.130","action":"GetUpdates", "result":"DeleteReceived", "context":{"id":"679f273b-0388-42e1-bf16-2dde8dfd5c40", "isDeleted:":"true", "version":"1736069805101"}}
{"logTime": "0122/030841", "correlationVector":"3DKtsCRFwHV5C9Q9N9Uk8C.131","action":"GetUpdates", "result":"DeleteReceived", "context":{"id":"ff73b118-178e-4a0e-9457-f802027e8292", "isDeleted:":"true", "version":"1736072178180"}}
{"logTime": "0122/030841", "correlationVector":"3DKtsCRFwHV5C9Q9N9Uk8C.132","action":"GetUpdates", "result":"DeleteReceived", "context":{"id":"0f9b1385-23db-4d98-9770-40cdcaaacab1", "isDeleted:":"true", "version":"1736073624111"}}
{"logTime": "0122/030841", "correlationVector":"3DKtsCRFwHV5C9Q9N9Uk8C.133","action":"GetUpdates", "result":"DeleteReceived", "context":{"id":"07297abb-70e3-446a-9737-0296df6636fb", "isDeleted:":"true", "version":"1736074030930"}}
{"logTime": "0122/030841", "correlationVector":"3DKtsCRFwHV5C9Q9N9Uk8C.134","action":"GetUpdates", "result":"DeleteReceived", "context":{"id":"f8322d68-f4b2-437a-a285-13610e5064cb", "isDeleted:":"true", "version":"1736074265190"}}
{"logTime": "0122/030841", "correlationVector":"3DKtsCRFwHV5C9Q9N9Uk8C.135","action":"GetUpdates", "result":"DeleteReceived", "context":{"id":"5fbd3725-8fe1-4277-be76-707aab213df3", "isDeleted:":"true", "version":"1736074265191"}}
{"logTime": "0122/030841", "correlationVector":"3DKtsCRFwHV5C9Q9N9Uk8C.136","action":"GetUpdates", "result":"DeleteReceived", "context":{"id":"9bdb7a07-25b3-4f21-8e5d-2f8a287c0b14", "isDeleted:":"true", "version":"1736074265192"}}
{"logTime": "0122/030841", "correlationVector":"3DKtsCRFwHV5C9Q9N9Uk8C.137","action":"GetUpdates", "result":"DeleteReceived", "context":{"id":"cf1d27be-ee7a-4e5a-b9e1-77e9cb206649", "isDeleted:":"true", "version":"1736083663868"}}
{"logTime": "0122/030841", "correlationVector":"3DKtsCRFwHV5C9Q9N9Uk8C.138","action":"GetUpdates", "result":"DeleteReceived", "context":{"id":"b45130ca-d99f-4066-b61d-d48633369850", "isDeleted:":"true", "version":"1736083995169"}}
{"logTime": "0122/030841", "correlationVector":"3DKtsCRFwHV5C9Q9N9Uk8C.139","action":"GetUpdates", "result":"DeleteReceived", "context":{"id":"7ef06381-0998-447a-adf3-b47e140b0865", "isDeleted:":"true", "version":"1736086903737"}}
{"logTime": "0122/030841", "correlationVector":"3DKtsCRFwHV5C9Q9N9Uk8C.140","action":"GetUpdates", "result":"DeleteReceived", "context":{"id":"56ba9561-4ebc-432f-87cf-f62596db97ba", "isDeleted:":"true", "version":"1736086994588"}}
{"logTime": "0122/030841", "correlationVector":"3DKtsCRFwHV5C9Q9N9Uk8C.141","action":"GetUpdates", "result":"DeleteReceived", "context":{"id":"8a7dedbd-4e26-4730-a246-ec461bcd0731", "isDeleted:":"true", "version":"1736087049654"}}
{"logTime": "0122/030841", "correlationVector":"3DKtsCRFwHV5C9Q9N9Uk8C.142","action":"GetUpdates", "result":"DeleteReceived", "context":{"id":"902f4e00-b6ab-45b1-9c4d-a4e75561046d", "isDeleted:":"true", "version":"1736087049655"}}
{"logTime": "0122/030841", "correlationVector":"3DKtsCRFwHV5C9Q9N9Uk8C.143","action":"GetUpdates", "result":"DeleteReceived", "context":{"id":"0c2e1a59-9e19-4e70-97f0-0b354cc6d5ea", "isDeleted:":"true", "version":"1736087903123"}}
{"logTime": "0122/030841", "correlationVector":"3DKtsCRFwHV5C9Q9N9Uk8C.144","action":"GetUpdates", "result":"DeleteReceived", "context":{"id":"10e9c816-e681-4625-ab2c-2c9aced795bd", "isDeleted:":"true", "version":"1736088065046"}}
{"logTime": "0122/030841", "correlationVector":"3DKtsCRFwHV5C9Q9N9Uk8C.145","action":"GetUpdates", "result":"DeleteReceived", "context":{"id":"c085ec12-5ce3-4673-996e-afc24cbe8fcc", "isDeleted:":"true", "version":"1736088168382"}}
{"logTime": "0122/030841", "correlationVector":"3DKtsCRFwHV5C9Q9N9Uk8C.146","action":"GetUpdates", "result":"DeleteReceived", "context":{"id":"c805353f-1a3b-48e6-90e2-8186d6a88d99", "isDeleted:":"true", "version":"1736088310372"}}
{"logTime": "0122/030841", "correlationVector":"3DKtsCRFwHV5C9Q9N9Uk8C.147","action":"GetUpdates", "result":"DeleteReceived", "context":{"id":"36b06b5c-224c-42da-8f85-b200eb43cc41", "isDeleted:":"true", "version":"1736088427377"}}
{"logTime": "0122/030841", "correlationVector":"3DKtsCRFwHV5C9Q9N9Uk8C.148","action":"GetUpdates", "result":"DeleteReceived", "context":{"id":"d5fe0c81-15a3-404a-821b-eb7453b77b07", "isDeleted:":"true", "version":"1736089425554"}}
{"logTime": "0122/030841", "correlationVector":"3DKtsCRFwHV5C9Q9N9Uk8C.149","action":"GetUpdates", "result":"DeleteReceived", "context":{"id":"8c7676c7-cb4e-4611-ac46-c22cb50ef8f0", "isDeleted:":"true", "version":"1736090151199"}}
{"logTime": "0122/030841", "correlationVector":"3DKtsCRFwHV5C9Q9N9Uk8C.150","action":"GetUpdates", "result":"DeleteReceived", "context":{"id":"7eb039c9-10a5-4af6-be81-556d04fe582d", "isDeleted:":"true", "version":"1736090785738"}}
{"logTime": "0122/030841", "correlationVector":"3DKtsCRFwHV5C9Q9N9Uk8C.151","action":"GetUpdates", "result":"DeleteReceived", "context":{"id":"cc768145-8319-4f4d-bb74-6652956980df", "isDeleted:":"true", "version":"1736091446139"}}
{"logTime": "0122/030841", "correlationVector":"3DKtsCRFwHV5C9Q9N9Uk8C.152","action":"GetUpdates", "result":"DeleteReceived", "context":{"id":"0161bf3b-f491-4b06-a3ae-969d8dca0088", "isDeleted:":"true", "version":"1736091779392"}}
{"logTime": "0122/030841", "correlationVector":"3DKtsCRFwHV5C9Q9N9Uk8C.153","action":"GetUpdates", "result":"DeleteReceived", "context":{"id":"345f0235-3e36-4d8b-8d5c-dde8790d5a00", "isDeleted:":"true", "version":"1736091779394"}}
{"logTime": "0122/030841", "correlationVector":"3DKtsCRFwHV5C9Q9N9Uk8C.154","action":"GetUpdates", "result":"DeleteReceived", "context":{"id":"49ff0790-1314-466d-8a6d-b916d13047dd", "isDeleted:":"true", "version":"1736091831127"}}
{"logTime": "0122/030841", "correlationVector":"3DKtsCRFwHV5C9Q9N9Uk8C.155","action":"GetUpdates", "result":"DeleteReceived", "context":{"id":"3c3fed2b-ace8-41ab-a069-fc25e212339f", "isDeleted:":"true", "version":"1736092043655"}}
{"logTime": "0122/030841", "correlationVector":"3DKtsCRFwHV5C9Q9N9Uk8C.156","action":"GetUpdates", "result":"DeleteReceived", "context":{"id":"5d984582-6c71-4cea-8d10-58583ed8fef5", "isDeleted:":"true", "version":"1736092242560"}}
{"logTime": "0122/030841", "correlationVector":"3DKtsCRFwHV5C9Q9N9Uk8C.157","action":"GetUpdates", "result":"DeleteReceived", "context":{"id":"d2c74302-d2cd-4db2-909f-744dfbf305ad", "isDeleted:":"true", "version":"1736092827800"}}
{"logTime": "0122/030841", "correlationVector":"3DKtsCRFwHV5C9Q9N9Uk8C.158","action":"GetUpdates", "result":"DeleteReceived", "context":{"id":"7aa88bfe-5465-4b3f-9d27-97067468abe2", "isDeleted:":"true", "version":"1736094208219"}}
{"logTime": "0122/030841", "correlationVector":"3DKtsCRFwHV5C9Q9N9Uk8C.159","action":"GetUpdates", "result":"DeleteReceived", "context":{"id":"a2f5676c-d8d6-4921-b568-c99b3b6e7056", "isDeleted:":"true", "version":"1736094866717"}}
{"logTime": "0122/030841", "correlationVector":"3DKtsCRFwHV5C9Q9N9Uk8C.160","action":"GetUpdates", "result":"DeleteReceived", "context":{"id":"3bf61563-d15a-44c7-ab06-34ab3ff585df", "isDeleted:":"true", "version":"1736095024017"}}
{"logTime": "0122/030841", "correlationVector":"3DKtsCRFwHV5C9Q9N9Uk8C.161","action":"GetUpdates", "result":"DeleteReceived", "context":{"id":"f1f8459f-c74e-43ca-b11f-156108ae8c3a", "isDeleted:":"true", "version":"1736095486291"}}
{"logTime": "0122/030841", "correlationVector":"3DKtsCRFwHV5C9Q9N9Uk8C.162","action":"GetUpdates", "result":"DeleteReceived", "context":{"id":"dd37abfb-3a52-4612-99d1-49ef9ac89a16", "isDeleted:":"true", "version":"1736095789751"}}
{"logTime": "0122/030841", "correlationVector":"3DKtsCRFwHV5C9Q9N9Uk8C.163","action":"GetUpdates", "result":"DeleteReceived", "context":{"id":"d1c394cb-e842-4aed-8ca8-763b0071c467", "isDeleted:":"true", "version":"1736095992328"}}
{"logTime": "0122/030841", "correlationVector":"3DKtsCRFwHV5C9Q9N9Uk8C.164","action":"GetUpdates", "result":"DeleteReceived", "context":{"id":"eb427e19-1ccd-4843-b617-b59a04e4dd80", "isDeleted:":"true", "version":"1736096228689"}}
{"logTime": "0122/030841", "correlationVector":"3DKtsCRFwHV5C9Q9N9Uk8C.165","action":"GetUpdates", "result":"DeleteReceived", "context":{"id":"edb21ead-f8da-4d86-9e1d-fdc822437b74", "isDeleted:":"true", "version":"1736096354304"}}
{"logTime": "0122/030841", "correlationVector":"3DKtsCRFwHV5C9Q9N9Uk8C.166","action":"GetUpdates", "result":"DeleteReceived", "context":{"id":"904babd4-a3f3-4af2-a660-2201dab48006", "isDeleted:":"true", "version":"1736096534003"}}
{"logTime": "0122/030841", "correlationVector":"3DKtsCRFwHV5C9Q9N9Uk8C.167","action":"GetUpdates", "result":"DeleteReceived", "context":{"id":"5c4a8b91-f354-4d81-b94e-3732048f0d7b", "isDeleted:":"true", "version":"1736096830116"}}
{"logTime": "0122/030841", "correlationVector":"3DKtsCRFwHV5C9Q9N9Uk8C.168","action":"GetUpdates", "result":"DeleteReceived", "context":{"id":"0e2d6b8d-b381-4e96-a9e9-bebe7fee04b4", "isDeleted:":"true", "version":"1736097085483"}}
{"logTime": "0122/030841", "correlationVector":"3DKtsCRFwHV5C9Q9N9Uk8C.169","action":"GetUpdates", "result":"DeleteReceived", "context":{"id":"1ad6b650-88ab-4a81-9630-2a5a37edd547", "isDeleted:":"true", "version":"1736097085485"}}
{"logTime": "0122/030841", "correlationVector":"3DKtsCRFwHV5C9Q9N9Uk8C.170","action":"GetUpdates", "result":"DeleteReceived", "context":{"id":"da89458f-59c8-4d3b-b4fb-7e6e9ecc3d95", "isDeleted:":"true", "version":"1736097085486"}}
{"logTime": "0122/030841", "correlationVector":"3DKtsCRFwHV5C9Q9N9Uk8C.171","action":"GetUpdates", "result":"DeleteReceived", "context":{"id":"bf55f6f8-c6d6-47cb-b75c-219ed89ddfd8", "isDeleted:":"true", "version":"1736097161234"}}
{"logTime": "0122/030841", "correlationVector":"3DKtsCRFwHV5C9Q9N9Uk8C.172","action":"GetUpdates", "result":"DeleteReceived", "context":{"id":"5cfad78d-c24a-4276-b10d-3f19c311527f", "isDeleted:":"true", "version":"1736097219554"}}
{"logTime": "0122/030841", "correlationVector":"3DKtsCRFwHV5C9Q9N9Uk8C.173","action":"GetUpdates", "result":"DeleteReceived", "context":{"id":"b3f76368-bd63-4742-a672-e80c7863812d", "isDeleted:":"true", "version":"1736097646105"}}
{"logTime": "0122/030841", "correlationVector":"3DKtsCRFwHV5C9Q9N9Uk8C.174","action":"GetUpdates", "result":"DeleteReceived", "context":{"id":"11e14929-71c8-4214-9fd9-1714265e91e1", "isDeleted:":"true", "version":"1736097873506"}}
{"logTime": "0122/030841", "correlationVector":"3DKtsCRFwHV5C9Q9N9Uk8C.175","action":"GetUpdates", "result":"DeleteReceived", "context":{"id":"53a7e20d-d73f-488f-9d83-c7d10911e05e", "isDeleted:":"true", "version":"1736098068938"}}
{"logTime": "0122/030841", "correlationVector":"3DKtsCRFwHV5C9Q9N9Uk8C.176","action":"GetUpdates", "result":"DeleteReceived", "context":{"id":"4abc92ef-1903-4077-914f-a8b80bb8cfea", "isDeleted:":"true", "version":"1736098267949"}}
{"logTime": "0122/030841", "correlationVector":"3DKtsCRFwHV5C9Q9N9Uk8C.177","action":"GetUpdates", "result":"DeleteReceived", "context":{"id":"745ce3ea-0083-41a4-9d81-65f78e19aea6", "isDeleted:":"true", "version":"1736098411644"}}
{"logTime": "0122/030841", "correlationVector":"3DKtsCRFwHV5C9Q9N9Uk8C.178","action":"GetUpdates", "result":"DeleteReceived", "context":{"id":"4dc634d9-ad93-47d8-94d9-0d5c6786231f", "isDeleted:":"true", "version":"1736098649192"}}
{"logTime": "0122/030841", "correlationVector":"3DKtsCRFwHV5C9Q9N9Uk8C.179","action":"GetUpdates", "result":"DeleteReceived", "context":{"id":"9ae61c47-4744-4271-9d9b-866aa68e25ee", "isDeleted:":"true", "version":"1736099343476"}}
{"logTime": "0122/030841", "correlationVector":"3DKtsCRFwHV5C9Q9N9Uk8C.180","action":"GetUpdates", "result":"DeleteReceived", "context":{"id":"c923761c-5e9e-4c1f-a07a-5b76ad1100da", "isDeleted:":"true", "version":"1736099492691"}}
{"logTime": "0122/030841", "correlationVector":"3DKtsCRFwHV5C9Q9N9Uk8C.181","action":"GetUpdates", "result":"DeleteReceived", "context":{"id":"36366d9d-5870-4a81-abb3-e950fcada040", "isDeleted:":"true", "version":"1736099628223"}}
{"logTime": "0122/030841", "correlationVector":"3DKtsCRFwHV5C9Q9N9Uk8C.182","action":"GetUpdates", "result":"DeleteReceived", "context":{"id":"4b15115a-70db-4546-8fb4-b06b9ec3b82c", "isDeleted:":"true", "version":"1736100565351"}}
{"logTime": "0122/030841", "correlationVector":"3DKtsCRFwHV5C9Q9N9Uk8C.183","action":"GetUpdates", "result":"DeleteReceived", "context":{"id":"e62a7675-22ad-4543-a245-d062e1980a69", "isDeleted:":"true", "version":"1736102128072"}}
{"logTime": "0122/030841", "correlationVector":"3DKtsCRFwHV5C9Q9N9Uk8C.184","action":"GetUpdates", "result":"DeleteReceived", "context":{"id":"31cc5b3e-114e-407c-82c7-51a925f09a69", "isDeleted:":"true", "version":"1736103309655"}}
{"logTime": "0122/030841", "correlationVector":"3DKtsCRFwHV5C9Q9N9Uk8C.185","action":"GetUpdates", "result":"DeleteReceived", "context":{"id":"54961ad7-5583-43f1-ad68-2ac29b4d13d7", "isDeleted:":"true", "version":"1736103468296"}}
{"logTime": "0122/030841", "correlationVector":"3DKtsCRFwHV5C9Q9N9Uk8C.186","action":"GetUpdates", "result":"DeleteReceived", "context":{"id":"a5f5144b-9c5a-4f8e-8335-8c8e92893281", "isDeleted:":"true", "version":"1736103679762"}}
{"logTime": "0122/030841", "correlationVector":"3DKtsCRFwHV5C9Q9N9Uk8C.187","action":"GetUpdates", "result":"DeleteReceived", "context":{"id":"48b95a62-d3c9-4aec-8082-572ec9f0cb59", "isDeleted:":"true", "version":"1736104001195"}}
{"logTime": "0122/030841", "correlationVector":"3DKtsCRFwHV5C9Q9N9Uk8C.188","action":"GetUpdates", "result":"DeleteReceived", "context":{"id":"4b3025a8-fb9d-4ee4-a66c-79d22c964276", "isDeleted:":"true", "version":"1736104001197"}}
{"logTime": "0122/030841", "correlationVector":"3DKtsCRFwHV5C9Q9N9Uk8C.189","action":"GetUpdates", "result":"DeleteReceived", "context":{"id":"917fd82a-9c3b-496c-a23d-bac2fa706140", "isDeleted:":"true", "version":"1736104001198"}}
{"logTime": "0122/030841", "correlationVector":"3DKtsCRFwHV5C9Q9N9Uk8C.190","action":"GetUpdates", "result":"DeleteReceived", "context":{"id":"ffe3ab9e-4c92-4085-9df7-434091b992bd", "isDeleted:":"true", "version":"1736150185260"}}
{"logTime": "0122/030841", "correlationVector":"3DKtsCRFwHV5C9Q9N9Uk8C.191","action":"GetUpdates", "result":"DeleteReceived", "context":{"id":"c89a9254-754d-47d0-84e9-6133ad44c618", "isDeleted:":"true", "version":"1736150292040"}}
{"logTime": "0122/030841", "correlationVector":"3DKtsCRFwHV5C9Q9N9Uk8C.192","action":"GetUpdates", "result":"DeleteReceived", "context":{"id":"baebbac9-6858-4d92-a445-e07dde788f58", "isDeleted:":"true", "version":"1736150676329"}}
{"logTime": "0122/030841", "correlationVector":"3DKtsCRFwHV5C9Q9N9Uk8C.193","action":"GetUpdates", "result":"DeleteReceived", "context":{"id":"fa038e90-ae75-487c-a59c-b8db526d0a66", "isDeleted:":"true", "version":"1736156759900"}}
{"logTime": "0122/030841", "correlationVector":"3DKtsCRFwHV5C9Q9N9Uk8C.194","action":"GetUpdates", "result":"DeleteReceived", "context":{"id":"801df982-2be3-4983-abdd-73932c3b8d36", "isDeleted:":"true", "version":"1736156871270"}}
{"logTime": "0122/030841", "correlationVector":"3DKtsCRFwHV5C9Q9N9Uk8C.195","action":"GetUpdates", "result":"DeleteReceived", "context":{"id":"78dd9998-9df1-4718-a94f-b38795ea7fd2", "isDeleted:":"true", "version":"1736159368587"}}
{"logTime": "0122/030841", "correlationVector":"3DKtsCRFwHV5C9Q9N9Uk8C.196","action":"GetUpdates", "result":"DeleteReceived", "context":{"id":"f9d8bc03-e163-47ba-9600-b1cc6081a50e", "isDeleted:":"true", "version":"1736159460485"}}
{"logTime": "0122/030841", "correlationVector":"3DKtsCRFwHV5C9Q9N9Uk8C.197","action":"GetUpdates", "result":"DeleteReceived", "context":{"id":"2691ca7f-1b32-4a4a-939f-140b1b44e38b", "isDeleted:":"true", "version":"1736159545946"}}
{"logTime": "0122/030841", "correlationVector":"3DKtsCRFwHV5C9Q9N9Uk8C.198","action":"GetUpdates", "result":"DeleteReceived", "context":{"id":"e7353752-842d-4fa9-94d4-12a0158a9f5e", "isDeleted:":"true", "version":"1736159719617"}}
{"logTime": "0122/030841", "correlationVector":"3DKtsCRFwHV5C9Q9N9Uk8C.199","action":"GetUpdates", "result":"DeleteReceived", "context":{"id":"57ed42d0-df83-4ec8-b6ea-6180ad3b7cb0", "isDeleted:":"true", "version":"1736160050372"}}
{"logTime": "0122/030841", "correlationVector":"3DKtsCRFwHV5C9Q9N9Uk8C.200","action":"GetUpdates", "result":"DeleteReceived", "context":{"id":"d93909b7-b0c5-47a3-92c7-5980042ab8f8", "isDeleted:":"true", "version":"1736160773230"}}
{"logTime": "0122/030841", "correlationVector":"3DKtsCRFwHV5C9Q9N9Uk8C.201","action":"GetUpdates", "result":"DeleteReceived", "context":{"id":"84f2d290-731b-433f-a1c7-8a450ec89932", "isDeleted:":"true", "version":"1736161007155"}}
{"logTime": "0122/030841", "correlationVector":"3DKtsCRFwHV5C9Q9N9Uk8C.202","action":"GetUpdates", "result":"DeleteReceived", "context":{"id":"e35d3566-ff15-4e61-b735-874e869af50c", "isDeleted:":"true", "version":"1736161162656"}}
{"logTime": "0122/030841", "correlationVector":"3DKtsCRFwHV5C9Q9N9Uk8C.203","action":"GetUpdates", "result":"DeleteReceived", "context":{"id":"78c634f0-d31c-46e1-88ef-605b7081b55a", "isDeleted:":"true", "version":"1736170239879"}}
{"logTime": "0122/030841", "correlationVector":"3DKtsCRFwHV5C9Q9N9Uk8C.204","action":"GetUpdates", "result":"DeleteReceived", "context":{"id":"1f78dbe4-14ce-4e68-92ee-8873f306942a", "isDeleted:":"true", "version":"1736247432697"}}
{"logTime": "0122/030841", "correlationVector":"3DKtsCRFwHV5C9Q9N9Uk8C.205","action":"GetUpdates", "result":"DeleteReceived", "context":{"id":"007cc66a-abd3-47cd-a40e-0a75e46e59a4", "isDeleted:":"true", "version":"1736247432699"}}
{"logTime": "0122/030841", "correlationVector":"3DKtsCRFwHV5C9Q9N9Uk8C.206","action":"GetUpdates", "result":"DeleteReceived", "context":{"id":"78af1ee3-45cc-4a08-8230-d0d8f8425373", "isDeleted:":"true", "version":"1736247432700"}}
{"logTime": "0122/030841", "correlationVector":"3DKtsCRFwHV5C9Q9N9Uk8C.207","action":"GetUpdates", "result":"DeleteReceived", "context":{"id":"c4c80c69-e784-4d24-8101-4acdef189155", "isDeleted:":"true", "version":"1736247432701"}}
{"logTime": "0122/030841", "correlationVector":"3DKtsCRFwHV5C9Q9N9Uk8C.208","action":"GetUpdates", "result":"DeleteReceived", "context":{"id":"14f03272-7864-47cd-9e78-c075984f8552", "isDeleted:":"true", "version":"1736247567384"}}
{"logTime": "0122/030841", "correlationVector":"3DKtsCRFwHV5C9Q9N9Uk8C.209","action":"GetUpdates", "result":"DeleteReceived", "context":{"id":"31656874-9b6e-4b2f-8aed-08c529379af8", "isDeleted:":"true", "version":"1736308772736"}}
{"logTime": "0122/030841", "correlationVector":"3DKtsCRFwHV5C9Q9N9Uk8C.210","action":"GetUpdates", "result":"DeleteReceived", "context":{"id":"a354e9c2-bdd1-449e-b128-47dae9f66068", "isDeleted:":"true", "version":"1736329156523"}}
{"logTime": "0122/030841", "correlationVector":"3DKtsCRFwHV5C9Q9N9Uk8C.211","action":"GetUpdates", "result":"DeleteReceived", "context":{"id":"9538d9f8-afd1-4570-a7fe-96dd829dc94a", "isDeleted:":"true", "version":"1736329855254"}}
{"logTime": "0122/030841", "correlationVector":"3DKtsCRFwHV5C9Q9N9Uk8C.212","action":"GetUpdates", "result":"DeleteReceived", "context":{"id":"5c8f6362-67be-47b2-9c8a-e4a2d05b1884", "isDeleted:":"true", "version":"1736329908755"}}
{"logTime": "0122/030841", "correlationVector":"3DKtsCRFwHV5C9Q9N9Uk8C.213","action":"GetUpdates", "result":"DeleteReceived", "context":{"id":"250c671e-8650-4338-85c5-864f6e082444", "isDeleted:":"true", "version":"1736329949480"}}
{"logTime": "0122/030841", "correlationVector":"3DKtsCRFwHV5C9Q9N9Uk8C.214","action":"GetUpdates", "result":"DeleteReceived", "context":{"id":"eacf6263-bcd7-46c7-a7e2-04e937d608bc", "isDeleted:":"true", "version":"1736330881645"}}
{"logTime": "0122/030841", "correlationVector":"3DKtsCRFwHV5C9Q9N9Uk8C.215","action":"GetUpdates", "result":"DeleteReceived", "context":{"id":"294fc367-ea22-4ca7-bcb2-a1b8a28f6b0a", "isDeleted:":"true", "version":"1736399384704"}}
{"logTime": "0122/030841", "correlationVector":"3DKtsCRFwHV5C9Q9N9Uk8C.216","action":"GetUpdates", "result":"DeleteReceived", "context":{"id":"bbad697e-3d27-4298-a89e-0e7b19114083", "isDeleted:":"true", "version":"1736411921522"}}
{"logTime": "0122/030841", "correlationVector":"3DKtsCRFwHV5C9Q9N9Uk8C.217","action":"GetUpdates", "result":"DeleteReceived", "context":{"id":"48513d30-c575-423c-b36a-dd7d3b87af5f", "isDeleted:":"true", "version":"1736414379916"}}
{"logTime": "0122/030841", "correlationVector":"3DKtsCRFwHV5C9Q9N9Uk8C.218","action":"GetUpdates", "result":"DeleteReceived", "context":{"id":"5933203d-398f-4587-95ca-b7cb480df594", "isDeleted:":"true", "version":"1736414543690"}}
{"logTime": "0122/030841", "correlationVector":"3DKtsCRFwHV5C9Q9N9Uk8C.219","action":"GetUpdates", "result":"DeleteReceived", "context":{"id":"084701c0-2089-49dd-b44d-9b1c4868df11", "isDeleted:":"true", "version":"1736414543691"}}
{"logTime": "0122/030841", "correlationVector":"3DKtsCRFwHV5C9Q9N9Uk8C.220","action":"GetUpdates", "result":"DeleteReceived", "context":{"id":"c400a81b-fec1-48dd-bfff-7b2f47bbeb95", "isDeleted:":"true", "version":"1736415321900"}}
{"logTime": "0122/030841", "correlationVector":"3DKtsCRFwHV5C9Q9N9Uk8C.221","action":"GetUpdates", "result":"DeleteReceived", "context":{"id":"ed17e608-4767-4bf7-9d09-e112693ab1b5", "isDeleted:":"true", "version":"1736416658336"}}
{"logTime": "0122/030841", "correlationVector":"3DKtsCRFwHV5C9Q9N9Uk8C.222","action":"GetUpdates", "result":"DeleteReceived", "context":{"id":"223a820e-4eaf-4e02-828d-fade2a37ff9f", "isDeleted:":"true", "version":"1736150185261"}}
{"logTime": "0122/030841", "correlationVector":"3DKtsCRFwHV5C9Q9N9Uk8C.223","action":"GetUpdates", "result":"DeleteReceived", "context":{"id":"ba918372-2972-4609-b652-860bf2e50812", "isDeleted:":"true", "version":"1736308780302"}}
{"logTime": "0122/030841", "correlationVector":"3DKtsCRFwHV5C9Q9N9Uk8C.224","action":"GetUpdates", "result":"DeleteReceived", "context":{"id":"f2ac3ba2-f0f4-4525-ad66-a74147f36ae8", "isDeleted:":"true", "version":"1736308780303"}}
{"logTime": "0122/030841", "correlationVector":"3DKtsCRFwHV5C9Q9N9Uk8C.225","action":"GetUpdates", "result":"DeleteReceived", "context":{"id":"65e23912-606c-47f8-a393-9c3fe6df80d0", "isDeleted:":"true", "version":"1736308780304"}}
{"logTime": "0122/030841", "correlationVector":"3DKtsCRFwHV5C9Q9N9Uk8C.226","action":"GetUpdates", "result":"DeleteReceived", "context":{"id":"305fb120-d933-4aff-a117-045c3cf8a9ae", "isDeleted:":"true", "version":"1736308780305"}}
{"logTime": "0122/030841", "correlationVector":"3DKtsCRFwHV5C9Q9N9Uk8C.227","action":"GetUpdates", "result":"DeleteReceived", "context":{"id":"00fa2131-de31-4e0b-bd28-9fa68036be2b", "isDeleted:":"true", "version":"1736308780306"}}
{"logTime": "0122/030841", "correlationVector":"3DKtsCRFwHV5C9Q9N9Uk8C.228","action":"GetUpdates Response", "result":"Success", "context":Received 250 update(s). cV=3DKtsCRFwHV5C9Q9N9Uk8C.0;server=akswtt00800001c;cloudType=Consumer;environment=Prod_southindia_prod-s01-004-apac-southindia;migrationStage=NotStarted Some updates remain.}
{"logTime": "0122/030841", "correlationVector":"r58CnLod5cocvqj5zyF3Dk","action":"Initial GetUpdates", "result":"", "context":Reason: NEWLY_SUPPORTED_DATATYPE. cV=r58CnLod5cocvqj5zyF3Dk}
{"logTime": "0122/030841", "correlationVector":"r58CnLod5cocvqj5zyF3Dk.1","action":"SyncServerConnectionManagerRequest", "result":"SYNC_SERVER_OK", "context":{"environment":"Prod_southindia_prod-s01-004-apac-southindia", "migrationStage":"NotStarted", "server":"akswtt00800000t"}}
{"logTime": "0122/030841", "correlationVector":"r58CnLod5cocvqj5zyF3Dk.2","action":"GetUpdates", "result":"DeleteReceived", "context":{"id":"b9549432-b8dd-4120-9715-de5928e0bd2c", "isDeleted:":"true", "version":"1736416658338"}}
{"logTime": "0122/030841", "correlationVector":"r58CnLod5cocvqj5zyF3Dk.3","action":"GetUpdates", "result":"DeleteReceived", "context":{"id":"48472e5a-9ac3-4b75-acbf-d054358f1cf0", "isDeleted:":"true", "version":"1736427250447"}}
{"logTime": "0122/030841", "correlationVector":"r58CnLod5cocvqj5zyF3Dk.4","action":"GetUpdates", "result":"DeleteReceived", "context":{"id":"3c1523a0-8d98-493b-903b-105de9a5ebce", "isDeleted:":"true", "version":"1736490798647"}}
{"logTime": "0122/030841", "correlationVector":"r58CnLod5cocvqj5zyF3Dk.5","action":"GetUpdates", "result":"DeleteReceived", "context":{"id":"f38b7de4-4525-4348-9f27-2441d2ccbe15", "isDeleted:":"true", "version":"1736490798649"}}
{"logTime": "0122/030841", "correlationVector":"r58CnLod5cocvqj5zyF3Dk.6","action":"GetUpdates", "result":"DeleteReceived", "context":{"id":"07c479e6-22a8-4a30-aa3b-2c5616195571", "isDeleted:":"true", "version":"1736569888664"}}
{"logTime": "0122/030841", "correlationVector":"r58CnLod5cocvqj5zyF3Dk.7","action":"GetUpdates", "result":"DeleteReceived", "context":{"id":"ed6483fe-c637-448e-8e2d-bc551ade24a5", "isDeleted:":"true", "version":"1736570933061"}}
{"logTime": "0122/030841", "correlationVector":"r58CnLod5cocvqj5zyF3Dk.8","action":"GetUpdates", "result":"DeleteReceived", "context":{"id":"b052457f-1917-4d2f-b065-0f46ea25a4ae", "isDeleted:":"true", "version":"1736570982670"}}
{"logTime": "0122/030841", "correlationVector":"r58CnLod5cocvqj5zyF3Dk.9","action":"GetUpdates", "result":"DeleteReceived", "context":{"id":"e3e666a1-6a89-4485-b5ea-d9686ebef878", "isDeleted:":"true", "version":"1736583861329"}}
{"logTime": "0122/030841", "correlationVector":"r58CnLod5cocvqj5zyF3Dk.10","action":"GetUpdates", "result":"DeleteReceived", "context":{"id":"545abd8a-543b-4a6a-9a48-7c5b276eed19", "isDeleted:":"true", "version":"1736607068335"}}
{"logTime": "0122/030841", "correlationVector":"r58CnLod5cocvqj5zyF3Dk.11","action":"GetUpdates", "result":"DeleteReceived", "context":{"id":"2ecf267a-b48a-4491-a127-32fd80e00e3c", "isDeleted:":"true", "version":"1736607068337"}}
{"logTime": "0122/030841", "correlationVector":"r58CnLod5cocvqj5zyF3Dk.12","action":"GetUpdates", "result":"DeleteReceived", "context":{"id":"dd5e991a-e2d0-4ab3-9f13-dfc1df1f9a22", "isDeleted:":"true", "version":"1736608247063"}}
{"logTime": "0122/030841", "correlationVector":"r58CnLod5cocvqj5zyF3Dk.13","action":"GetUpdates", "result":"DeleteReceived", "context":{"id":"2710421d-0421-4d6d-a435-9ac2161e4eb3", "isDeleted:":"true", "version":"1736608247064"}}
{"logTime": "0122/030841", "correlationVector":"r58CnLod5cocvqj5zyF3Dk.14","action":"GetUpdates", "result":"DeleteReceived", "context":{"id":"b7e0d3b1-a517-49bf-868f-075587f7baa3", "isDeleted:":"true", "version":"1736609765058"}}
{"logTime": "0122/030841", "correlationVector":"r58CnLod5cocvqj5zyF3Dk.15","action":"GetUpdates", "result":"DeleteReceived", "context":{"id":"b688dc3b-2cd3-47c2-b3e8-72d5664bb235", "isDeleted:":"true", "version":"1736609879551"}}
{"logTime": "0122/030841", "correlationVector":"r58CnLod5cocvqj5zyF3Dk.16","action":"GetUpdates", "result":"DeleteReceived", "context":{"id":"c7474b56-e47d-4562-be26-e3403ac93228", "isDeleted:":"true", "version":"1736668690417"}}
{"logTime": "0122/030841", "correlationVector":"r58CnLod5cocvqj5zyF3Dk.17","action":"GetUpdates", "result":"DeleteReceived", "context":{"id":"5156c343-b345-43b0-b5a4-c330d2b86aea", "isDeleted:":"true", "version":"1736675828272"}}
{"logTime": "0122/030841", "correlationVector":"r58CnLod5cocvqj5zyF3Dk.18","action":"GetUpdates", "result":"DeleteReceived", "context":{"id":"797943b5-4bed-46bd-8b14-628944183e1c", "isDeleted:":"true", "version":"1736675828274"}}
{"logTime": "0122/030841", "correlationVector":"r58CnLod5cocvqj5zyF3Dk.19","action":"GetUpdates", "result":"DeleteReceived", "context":{"id":"7c630513-74d7-4d90-b38e-e76ed465d556", "isDeleted:":"true", "version":"1736676506121"}}
{"logTime": "0122/030841", "correlationVector":"r58CnLod5cocvqj5zyF3Dk.20","action":"GetUpdates", "result":"DeleteReceived", "context":{"id":"b3f3c3e6-13ae-4fc9-b581-9f8471c0caaa", "isDeleted:":"true", "version":"1736676877446"}}
{"logTime": "0122/030841", "correlationVector":"r58CnLod5cocvqj5zyF3Dk.21","action":"GetUpdates", "result":"DeleteReceived", "context":{"id":"ae7c125f-f3ac-4135-b66e-340520ef653a", "isDeleted:":"true", "version":"1736677598899"}}
{"logTime": "0122/030841", "correlationVector":"r58CnLod5cocvqj5zyF3Dk.22","action":"GetUpdates", "result":"DeleteReceived", "context":{"id":"1eaf02b9-7f1e-44c4-b07b-3a173184ea8a", "isDeleted:":"true", "version":"1736677918261"}}
{"logTime": "0122/030841", "correlationVector":"r58CnLod5cocvqj5zyF3Dk.23","action":"GetUpdates", "result":"DeleteReceived", "context":{"id":"29dc60de-158d-4ec0-b38b-83471a13a8dd", "isDeleted:":"true", "version":"1736677918263"}}
{"logTime": "0122/030841", "correlationVector":"r58CnLod5cocvqj5zyF3Dk.24","action":"GetUpdates", "result":"DeleteReceived", "context":{"id":"185d6742-3438-461c-b155-b467788ea213", "isDeleted:":"true", "version":"1736678846834"}}
{"logTime": "0122/030841", "correlationVector":"r58CnLod5cocvqj5zyF3Dk.25","action":"GetUpdates", "result":"DeleteReceived", "context":{"id":"53aaaa88-cce7-4973-9b91-1c8a3116f18d", "isDeleted:":"true", "version":"1736679226690"}}
{"logTime": "0122/030841", "correlationVector":"r58CnLod5cocvqj5zyF3Dk.26","action":"GetUpdates", "result":"DeleteReceived", "context":{"id":"2b12e772-3f92-47ec-8c63-693edf5e8085", "isDeleted:":"true", "version":"1736679656724"}}
{"logTime": "0122/030841", "correlationVector":"r58CnLod5cocvqj5zyF3Dk.27","action":"GetUpdates", "result":"DeleteReceived", "context":{"id":"cc99ab9e-ec1c-439d-9949-f8215316a402", "isDeleted:":"true", "version":"1736679877481"}}
{"logTime": "0122/030841", "correlationVector":"r58CnLod5cocvqj5zyF3Dk.28","action":"GetUpdates", "result":"DeleteReceived", "context":{"id":"68b7bf2d-acd3-4598-8428-d882c179a4b6", "isDeleted:":"true", "version":"1736679877482"}}
{"logTime": "0122/030841", "correlationVector":"r58CnLod5cocvqj5zyF3Dk.29","action":"GetUpdates", "result":"DeleteReceived", "context":{"id":"348a3f34-1fab-4dc3-922c-d78b1e99c9f0", "isDeleted:":"true", "version":"1736679877483"}}
{"logTime": "0122/030841", "correlationVector":"r58CnLod5cocvqj5zyF3Dk.30","action":"GetUpdates", "result":"DeleteReceived", "context":{"id":"6be969ed-ffa1-4e4b-b6da-03b328bc4c18", "isDeleted:":"true", "version":"1736679877484"}}
{"logTime": "0122/030841", "correlationVector":"r58CnLod5cocvqj5zyF3Dk.31","action":"GetUpdates", "result":"DeleteReceived", "context":{"id":"a51b51ea-5e70-46ae-8f14-67956e5abe38", "isDeleted:":"true", "version":"1736679908058"}}
{"logTime": "0122/030841", "correlationVector":"r58CnLod5cocvqj5zyF3Dk.32","action":"GetUpdates", "result":"DeleteReceived", "context":{"id":"32bb212f-cce5-46c8-8394-369dad800285", "isDeleted:":"true", "version":"1736760314387"}}
{"logTime": "0122/030841", "correlationVector":"r58CnLod5cocvqj5zyF3Dk.33","action":"GetUpdates", "result":"DeleteReceived", "context":{"id":"e0a9e84f-a3fa-4e58-bff1-f81506ab06ed", "isDeleted:":"true", "version":"1736761621031"}}
{"logTime": "0122/030841", "correlationVector":"r58CnLod5cocvqj5zyF3Dk.34","action":"GetUpdates", "result":"DeleteReceived", "context":{"id":"6553c588-e63c-4abd-a0cd-ed23c7560261", "isDeleted:":"true", "version":"1736761763908"}}
{"logTime": "0122/030841", "correlationVector":"r58CnLod5cocvqj5zyF3Dk.35","action":"GetUpdates", "result":"DeleteReceived", "context":{"id":"7a03c1d4-2460-4a09-9ad4-19b75f9f3355", "isDeleted:":"true", "version":"1736761794505"}}
{"logTime": "0122/030841", "correlationVector":"r58CnLod5cocvqj5zyF3Dk.36","action":"GetUpdates", "result":"DeleteReceived", "context":{"id":"6db3ee68-342f-4291-8474-36e04f6c5546", "isDeleted:":"true", "version":"1736762810706"}}
{"logTime": "0122/030841", "correlationVector":"r58CnLod5cocvqj5zyF3Dk.37","action":"GetUpdates", "result":"DeleteReceived", "context":{"id":"16d2dd50-ba00-4865-93bd-48a4eaa1a14b", "isDeleted:":"true", "version":"1736762854182"}}
{"logTime": "0122/030841", "correlationVector":"r58CnLod5cocvqj5zyF3Dk.38","action":"GetUpdates", "result":"DeleteReceived", "context":{"id":"566f3f67-e8c6-4758-83e2-76d55cc88fde", "isDeleted:":"true", "version":"1736762854184"}}
{"logTime": "0122/030841", "correlationVector":"r58CnLod5cocvqj5zyF3Dk.39","action":"GetUpdates", "result":"DeleteReceived", "context":{"id":"42a83e7d-81e9-4949-be47-82a1d34a3213", "isDeleted:":"true", "version":"1736762854186"}}
{"logTime": "0122/030841", "correlationVector":"r58CnLod5cocvqj5zyF3Dk.40","action":"GetUpdates", "result":"DeleteReceived", "context":{"id":"c654c2a5-d243-4ff0-b786-1d42e3ea95b8", "isDeleted:":"true", "version":"1736763623840"}}
{"logTime": "0122/030841", "correlationVector":"r58CnLod5cocvqj5zyF3Dk.41","action":"GetUpdates", "result":"DeleteReceived", "context":{"id":"1afb96c0-dfd4-48e3-81cd-460df1ed3c9e", "isDeleted:":"true", "version":"1736763628164"}}
{"logTime": "0122/030841", "correlationVector":"r58CnLod5cocvqj5zyF3Dk.42","action":"GetUpdates", "result":"DeleteReceived", "context":{"id":"51429706-7834-4c23-b54c-ab0f447d2444", "isDeleted:":"true", "version":"1736763807172"}}
{"logTime": "0122/030841", "correlationVector":"r58CnLod5cocvqj5zyF3Dk.43","action":"GetUpdates", "result":"DeleteReceived", "context":{"id":"300913dc-82c2-441d-beee-c8256498903e", "isDeleted:":"true", "version":"1736775020082"}}
{"logTime": "0122/030841", "correlationVector":"r58CnLod5cocvqj5zyF3Dk.44","action":"GetUpdates", "result":"DeleteReceived", "context":{"id":"3c290058-39af-4f82-a016-de301be8d0b3", "isDeleted:":"true", "version":"1736775020084"}}
{"logTime": "0122/030841", "correlationVector":"r58CnLod5cocvqj5zyF3Dk.45","action":"GetUpdates", "result":"DeleteReceived", "context":{"id":"3ab41e2d-a13c-4102-8c64-5e2bd64e1816", "isDeleted:":"true", "version":"1736775623947"}}
{"logTime": "0122/030841", "correlationVector":"r58CnLod5cocvqj5zyF3Dk.46","action":"GetUpdates", "result":"DeleteReceived", "context":{"id":"84cba9a6-ac08-4bcc-a75b-1adab097b3f5", "isDeleted:":"true", "version":"1736823972228"}}
{"logTime": "0122/030841", "correlationVector":"r58CnLod5cocvqj5zyF3Dk.47","action":"GetUpdates", "result":"DeleteReceived", "context":{"id":"1a0da6cb-95b1-44c3-9ee5-3b0096dc1b75", "isDeleted:":"true", "version":"1736841200765"}}
{"logTime": "0122/030841", "correlationVector":"r58CnLod5cocvqj5zyF3Dk.48","action":"GetUpdates", "result":"DeleteReceived", "context":{"id":"5009f638-93a4-45b2-9954-18b823fd4d7f", "isDeleted:":"true", "version":"1736862161786"}}
{"logTime": "0122/030841", "correlationVector":"r58CnLod5cocvqj5zyF3Dk.49","action":"GetUpdates", "result":"DeleteReceived", "context":{"id":"dd573e06-251f-4813-a899-e1cb7d1f814d", "isDeleted:":"true", "version":"1736865469349"}}
{"logTime": "0122/030841", "correlationVector":"r58CnLod5cocvqj5zyF3Dk.50","action":"GetUpdates", "result":"DeleteReceived", "context":{"id":"a8ed0887-535d-41ba-bbcb-dff30a9d22aa", "isDeleted:":"true", "version":"1736867464996"}}
{"logTime": "0122/030841", "correlationVector":"r58CnLod5cocvqj5zyF3Dk.51","action":"GetUpdates", "result":"DeleteReceived", "context":{"id":"24ef7682-91e6-46f2-bec8-888064df8eaf", "isDeleted:":"true", "version":"1736933802717"}}
{"logTime": "0122/030841", "correlationVector":"r58CnLod5cocvqj5zyF3Dk.52","action":"GetUpdates", "result":"DeleteReceived", "context":{"id":"45504b9a-44f0-44c2-96a4-d8c7fe0ff3e6", "isDeleted:":"true", "version":"1736947450481"}}
{"logTime": "0122/030841", "correlationVector":"r58CnLod5cocvqj5zyF3Dk.53","action":"GetUpdates", "result":"DeleteReceived", "context":{"id":"3c6960a7-39bb-4ede-a4a3-15272350eb4e", "isDeleted:":"true", "version":"1737034658114"}}
{"logTime": "0122/030841", "correlationVector":"r58CnLod5cocvqj5zyF3Dk.54","action":"GetUpdates", "result":"DeleteReceived", "context":{"id":"8592f4cb-a3b8-43f5-ac8c-d47709915ecf", "isDeleted:":"true", "version":"1737036055373"}}
{"logTime": "0122/030841", "correlationVector":"r58CnLod5cocvqj5zyF3Dk.55","action":"GetUpdates", "result":"DeleteReceived", "context":{"id":"789feece-881c-4019-8951-3ad0a5d8385c", "isDeleted:":"true", "version":"1737036055375"}}
{"logTime": "0122/030841", "correlationVector":"r58CnLod5cocvqj5zyF3Dk.56","action":"GetUpdates", "result":"DeleteReceived", "context":{"id":"7df29ff1-3c8c-4825-91a5-9601d4561bbd", "isDeleted:":"true", "version":"1737101418980"}}
{"logTime": "0122/030841", "correlationVector":"r58CnLod5cocvqj5zyF3Dk.57","action":"GetUpdates", "result":"DeleteReceived", "context":{"id":"ef44eac7-df55-4a30-a572-3fe2d22bc503", "isDeleted:":"true", "version":"1737102900082"}}
{"logTime": "0122/030841", "correlationVector":"r58CnLod5cocvqj5zyF3Dk.58","action":"GetUpdates", "result":"DeleteReceived", "context":{"id":"40c813f9-b505-437f-9ea6-0bbdb4ec336a", "isDeleted:":"true", "version":"1737103197793"}}
{"logTime": "0122/030841", "correlationVector":"r58CnLod5cocvqj5zyF3Dk.59","action":"GetUpdates", "result":"DeleteReceived", "context":{"id":"5690c503-4af2-40a9-b17f-695b3581b2a4", "isDeleted:":"true", "version":"1737106264535"}}
{"logTime": "0122/030841", "correlationVector":"r58CnLod5cocvqj5zyF3Dk.60","action":"GetUpdates", "result":"DeleteReceived", "context":{"id":"4cc9f731-14dd-4ee9-ba00-c50d70c9a81a", "isDeleted:":"true", "version":"1737180382669"}}
{"logTime": "0122/030841", "correlationVector":"r58CnLod5cocvqj5zyF3Dk.61","action":"GetUpdates", "result":"DeleteReceived", "context":{"id":"381f3440-0dd2-437c-847f-7f176cc2f15b", "isDeleted:":"true", "version":"1737180642566"}}
{"logTime": "0122/030841", "correlationVector":"r58CnLod5cocvqj5zyF3Dk.62","action":"GetUpdates", "result":"DeleteReceived", "context":{"id":"ee24a33c-ab15-4029-85ba-fb6f37e728c0", "isDeleted:":"true", "version":"1737180673277"}}
{"logTime": "0122/030841", "correlationVector":"r58CnLod5cocvqj5zyF3Dk.63","action":"GetUpdates", "result":"DeleteReceived", "context":{"id":"d93fa83e-3e9f-4480-a172-386d0833948c", "isDeleted:":"true", "version":"1737180673278"}}
{"logTime": "0122/030841", "correlationVector":"r58CnLod5cocvqj5zyF3Dk.64","action":"GetUpdates", "result":"DeleteReceived", "context":{"id":"740da29c-b8b6-4167-9ccd-e19a48d8af90", "isDeleted:":"true", "version":"1737185116862"}}
{"logTime": "0122/030841", "correlationVector":"r58CnLod5cocvqj5zyF3Dk.65","action":"GetUpdates", "result":"DeleteReceived", "context":{"id":"2b1c02e7-3a9b-4cc3-ac51-cf3168b1c1c0", "isDeleted:":"true", "version":"1737185116864"}}
{"logTime": "0122/030841", "correlationVector":"r58CnLod5cocvqj5zyF3Dk.66","action":"GetUpdates", "result":"DeleteReceived", "context":{"id":"e5a3353c-8e69-4f23-aa56-0636f1722fc3", "isDeleted:":"true", "version":"1737195720150"}}
{"logTime": "0122/030841", "correlationVector":"r58CnLod5cocvqj5zyF3Dk.67","action":"GetUpdates", "result":"DeleteReceived", "context":{"id":"f89a1458-bf78-4a88-b396-7a95cbb866df", "isDeleted:":"true", "version":"1737202669023"}}
{"logTime": "0122/030841", "correlationVector":"r58CnLod5cocvqj5zyF3Dk.68","action":"GetUpdates", "result":"DeleteReceived", "context":{"id":"c9cfd7a0-ef9e-4ce4-be14-23e83d79ef1e", "isDeleted:":"true", "version":"1737207218562"}}
{"logTime": "0122/030841", "correlationVector":"r58CnLod5cocvqj5zyF3Dk.69","action":"GetUpdates", "result":"DeleteReceived", "context":{"id":"443ac27e-edad-4c7d-8abb-3e7a8bc9cf78", "isDeleted:":"true", "version":"1737208325754"}}
{"logTime": "0122/030841", "correlationVector":"r58CnLod5cocvqj5zyF3Dk.70","action":"GetUpdates", "result":"DeleteReceived", "context":{"id":"da06bd59-a591-42bf-a52c-c67d58f63b6c", "isDeleted:":"true", "version":"1737208547094"}}
{"logTime": "0122/030841", "correlationVector":"r58CnLod5cocvqj5zyF3Dk.71","action":"GetUpdates", "result":"DeleteReceived", "context":{"id":"63ff32ec-9c9c-4090-9c72-f254ae076b36", "isDeleted:":"true", "version":"1737209285481"}}
{"logTime": "0122/030841", "correlationVector":"r58CnLod5cocvqj5zyF3Dk.72","action":"GetUpdates", "result":"DeleteReceived", "context":{"id":"958bad26-2ada-49c5-a302-a1d4badb1cc2", "isDeleted:":"true", "version":"1737265729797"}}
{"logTime": "0122/030841", "correlationVector":"r58CnLod5cocvqj5zyF3Dk.73","action":"GetUpdates", "result":"DeleteReceived", "context":{"id":"12f10130-2e0e-452f-841e-5a28b5e8ec0c", "isDeleted:":"true", "version":"1737265735397"}}
{"logTime": "0122/030841", "correlationVector":"r58CnLod5cocvqj5zyF3Dk.74","action":"GetUpdates", "result":"DeleteReceived", "context":{"id":"74342948-57fb-4f7f-9974-6141437e9640", "isDeleted:":"true", "version":"1737290460736"}}
{"logTime": "0122/030841", "correlationVector":"r58CnLod5cocvqj5zyF3Dk.75","action":"GetUpdates", "result":"DeleteReceived", "context":{"id":"2e78c3a7-f7c9-48a2-bc28-e4943fc3308e", "isDeleted:":"true", "version":"1737290460739"}}
{"logTime": "0122/030841", "correlationVector":"r58CnLod5cocvqj5zyF3Dk.76","action":"GetUpdates", "result":"DeleteReceived", "context":{"id":"ad16e069-317a-418e-9fb5-733a946f5cd2", "isDeleted:":"true", "version":"1737290460740"}}
{"logTime": "0122/030841", "correlationVector":"r58CnLod5cocvqj5zyF3Dk.77","action":"GetUpdates", "result":"DeleteReceived", "context":{"id":"af7c1d7f-fe8f-4f40-848e-f506fdf3352b", "isDeleted:":"true", "version":"1737290460741"}}
{"logTime": "0122/030841", "correlationVector":"r58CnLod5cocvqj5zyF3Dk.78","action":"GetUpdates", "result":"DeleteReceived", "context":{"id":"07e70803-7531-4a6c-a958-71489dbb90d9", "isDeleted:":"true", "version":"1737290527396"}}
{"logTime": "0122/030841", "correlationVector":"r58CnLod5cocvqj5zyF3Dk.79","action":"GetUpdates", "result":"DeleteReceived", "context":{"id":"33111452-7d2b-45b1-ba8f-32191ec6569c", "isDeleted:":"true", "version":"1737293891425"}}
{"logTime": "0122/030841", "correlationVector":"r58CnLod5cocvqj5zyF3Dk.80","action":"GetUpdates", "result":"DeleteReceived", "context":{"id":"66a91ce3-0fa6-439b-8a23-2c34e4dec4ac", "isDeleted:":"true", "version":"1737304930137"}}
{"logTime": "0122/030841", "correlationVector":"r58CnLod5cocvqj5zyF3Dk.81","action":"GetUpdates", "result":"DeleteReceived", "context":{"id":"a1925e4e-c183-4f35-bfac-69d4c8d7125d", "isDeleted:":"true", "version":"1737362370008"}}
{"logTime": "0122/030841", "correlationVector":"r58CnLod5cocvqj5zyF3Dk.82","action":"GetUpdates", "result":"DeleteReceived", "context":{"id":"f8dc47f8-d5db-4e7e-80c4-47516b3fafb5", "isDeleted:":"true", "version":"1737369483437"}}
{"logTime": "0122/030841", "correlationVector":"r58CnLod5cocvqj5zyF3Dk.83","action":"GetUpdates", "result":"DeleteReceived", "context":{"id":"d40a364e-194a-4fd9-93aa-1e7dfbbc5686", "isDeleted:":"true", "version":"1737369618242"}}
{"logTime": "0122/030841", "correlationVector":"r58CnLod5cocvqj5zyF3Dk.84","action":"GetUpdates", "result":"DeleteReceived", "context":{"id":"cd318342-a60f-40e5-acfa-d71ff32e729b", "isDeleted:":"true", "version":"1737387695805"}}
{"logTime": "0122/030841", "correlationVector":"r58CnLod5cocvqj5zyF3Dk.85","action":"GetUpdates", "result":"DeleteReceived", "context":{"id":"c4c31d49-138c-4463-b7ca-518388078260", "isDeleted:":"true", "version":"1737451851893"}}
{"logTime": "0122/030841", "correlationVector":"r58CnLod5cocvqj5zyF3Dk.86","action":"GetUpdates", "result":"DeleteReceived", "context":{"id":"f926fa6a-83b1-4951-926f-d4010059feba", "isDeleted:":"true", "version":"1737452016367"}}
{"logTime": "0122/030841", "correlationVector":"r58CnLod5cocvqj5zyF3Dk.87","action":"GetUpdates", "result":"DeleteReceived", "context":{"id":"655e440b-1e5b-474c-b127-f4d27dc04da1", "isDeleted:":"true", "version":"1737466672915"}}
{"logTime": "0122/030841", "correlationVector":"r58CnLod5cocvqj5zyF3Dk.88","action":"GetUpdates", "result":"DeleteReceived", "context":{"id":"fa903dac-713b-4f03-8910-617c4d4bdc29", "isDeleted:":"true", "version":"1737466672917"}}
{"logTime": "0122/030841", "correlationVector":"r58CnLod5cocvqj5zyF3Dk.89","action":"GetUpdates", "result":"DeleteReceived", "context":{"id":"d5e00bbb-11a6-4381-b21d-5b8592a64b22", "isDeleted:":"true", "version":"1737467136806"}}
{"logTime": "0122/030841", "correlationVector":"r58CnLod5cocvqj5zyF3Dk.90","action":"GetUpdates", "result":"DeleteReceived", "context":{"id":"862da6c9-f08c-40f2-b310-f919c0920acc", "isDeleted:":"true", "version":"1737469171297"}}
{"logTime": "0122/030841", "correlationVector":"r58CnLod5cocvqj5zyF3Dk.91","action":"GetUpdates Response", "result":"Success", "context":Received 101 update(s). cV=r58CnLod5cocvqj5zyF3Dk.0;server=akswtt00800000t;cloudType=Consumer;environment=Prod_southindia_prod-s01-004-apac-southindia;migrationStage=NotStarted}
{"logTime": "0122/030841", "correlationVector":"ATiZ2c50FyMrTdXMSQkm/d","action":"Initial GetUpdates", "result":"", "context":Reason: NEWLY_SUPPORTED_DATATYPE. cV=ATiZ2c50FyMrTdXMSQkm/d}
{"logTime": "0122/030842", "correlationVector":"ATiZ2c50FyMrTdXMSQkm/d.1","action":"SyncServerConnectionManagerRequest", "result":"SYNC_SERVER_OK", "context":{"environment":"Prod_southindia_prod-s01-004-apac-southindia", "migrationStage":"NotStarted", "server":"akswtt008000015"}}
{"logTime": "0122/030842", "correlationVector":"ATiZ2c50FyMrTdXMSQkm/d.2","action":"GetUpdates Response", "result":"Success", "context":Received 250 update(s). cV=ATiZ2c50FyMrTdXMSQkm/d.0;server=akswtt008000015;cloudType=Consumer;environment=Prod_southindia_prod-s01-004-apac-southindia;migrationStage=NotStarted Some updates remain.}
{"logTime": "0122/030842", "correlationVector":"wRVwpy8miGKSmujNfqxBtY","action":"Initial GetUpdates", "result":"", "context":Reason: NEWLY_SUPPORTED_DATATYPE. cV=wRVwpy8miGKSmujNfqxBtY}
{"logTime": "0122/030843", "correlationVector":"wRVwpy8miGKSmujNfqxBtY.1","action":"SyncServerConnectionManagerRequest", "result":"SYNC_SERVER_OK", "context":{"environment":"Prod_southindia_prod-s01-004-apac-southindia", "migrationStage":"NotStarted", "server":"akswtt00800000t"}}
{"logTime": "0122/030843", "correlationVector":"wRVwpy8miGKSmujNfqxBtY.2","action":"GetUpdates Response", "result":"Success", "context":Received 250 update(s). cV=wRVwpy8miGKSmujNfqxBtY.0;server=akswtt00800000t;cloudType=Consumer;environment=Prod_southindia_prod-s01-004-apac-southindia;migrationStage=NotStarted Some updates remain.}
{"logTime": "0122/030843", "correlationVector":"LnhEzvzrxSwzQKNEd538YG","action":"Initial GetUpdates", "result":"", "context":Reason: NEWLY_SUPPORTED_DATATYPE. cV=LnhEzvzrxSwzQKNEd538YG}
{"logTime": "0122/030843", "correlationVector":"LnhEzvzrxSwzQKNEd538YG.1","action":"SyncServerConnectionManagerRequest", "result":"SYNC_SERVER_OK", "context":{"environment":"Prod_southindia_prod-s01-004-apac-southindia", "migrationStage":"NotStarted", "server":"akswtt00800000u"}}
{"logTime": "0122/030844", "correlationVector":"LnhEzvzrxSwzQKNEd538YG.2","action":"GetUpdates Response", "result":"Success", "context":Received 250 update(s). cV=LnhEzvzrxSwzQKNEd538YG.0;server=akswtt00800000u;cloudType=Consumer;environment=Prod_southindia_prod-s01-004-apac-southindia;migrationStage=NotStarted Some updates remain.}
{"logTime": "0122/030844", "correlationVector":"GVImI6NKmoUh8QQMHQm+VQ","action":"Initial GetUpdates", "result":"", "context":Reason: NEWLY_SUPPORTED_DATATYPE. cV=GVImI6NKmoUh8QQMHQm+VQ}
{"logTime": "0122/030844", "correlationVector":"GVImI6NKmoUh8QQMHQm+VQ.1","action":"SyncServerConnectionManagerRequest", "result":"SYNC_SERVER_OK", "context":{"environment":"Prod_southindia_prod-s01-004-apac-southindia", "migrationStage":"NotStarted", "server":"akswtt00800001c"}}
{"logTime": "0122/030844", "correlationVector":"GVImI6NKmoUh8QQMHQm+VQ.2","action":"GetUpdates Response", "result":"Success", "context":Received 217 update(s). cV=GVImI6NKmoUh8QQMHQm+VQ.0;server=akswtt00800001c;cloudType=Consumer;environment=Prod_southindia_prod-s01-004-apac-southindia;migrationStage=NotStarted}
{"logTime": "0122/030844", "correlationVector":"5Gzo0hgsufFQYlUXTSEahc","action":"Normal GetUpdate request", "result":"", "context":cV=5Gzo0hgsufFQYlUXTSEahc
Nudged types: Preferences, Typed URLs, Sessions, Device Info, User Consents
Refresh requested types: Bookmarks, Preferences, Passwords, Autofill Profiles, Autofill, Typed URLs, Extensions, Sessions, Extension settings, History Delete Directives, Device Info, User Consents, Send Tab To Self, Web Apps, History, Collection, Edge E Drop, Edge Hub App Usage, Edge Tab Group, Edge Wallet, Encryption Keys}
{"logTime": "0122/030847", "correlationVector":"5Gzo0hgsufFQYlUXTSEahc.1","action":"SyncServerConnectionManagerRequest", "result":"SYNC_SERVER_OK", "context":{"environment":"Prod_southindia_prod-s01-004-apac-southindia", "migrationStage":"NotStarted", "server":"akswtt00800002y"}}
{"logTime": "0122/030847", "correlationVector":"5Gzo0hgsufFQYlUXTSEahc.2","action":"GetUpdates Response", "result":"Success", "context":Received 0 update(s). cV=5Gzo0hgsufFQYlUXTSEahc.0;server=akswtt00800002y;cloudType=Consumer;environment=Prod_southindia_prod-s01-004-apac-southindia;migrationStage=NotStarted}
{"logTime": "0122/030847", "correlationVector":"HFKf9juT+/us0WQEH/gh42","action":"Commit Request", "result":"", "context":Item count: 16
Contributing types: Preferences, Typed URLs, Sessions, Device Info, User Consents}
{"logTime": "0122/030848", "correlationVector":"HFKf9juT+/us0WQEH/gh42.1","action":"SyncServerConnectionManagerRequest", "result":"SYNC_SERVER_OK", "context":{"environment":"Prod_southindia_prod-s01-004-apac-southindia", "migrationStage":"NotStarted", "server":"akswtt008000010"}}
{"logTime": "0122/030848", "correlationVector":"HFKf9juT+/us0WQEH/gh42.2","action":"Commit Response", "result":"Success", "context":Result: Success. cV=HFKf9juT+/us0WQEH/gh42.0;server=akswtt008000010;cloudType=Consumer;environment=Prod_southindia_prod-s01-004-apac-southindia;migrationStage=NotStarted}
{"logTime": "0122/030848", "correlationVector":"+Sljbq7NporgQAFP79Ltye","action":"Commit Request", "result":"", "context":Item count: 4
Contributing types: Sessions, History}
{"logTime": "0122/030849", "correlationVector":"+Sljbq7NporgQAFP79Ltye.1","action":"SyncServerConnectionManagerRequest", "result":"SYNC_SERVER_OK", "context":{"environment":"Prod_southindia_prod-s01-004-apac-southindia", "migrationStage":"NotStarted", "server":"akswtt008000015"}}
{"logTime": "0122/030849", "correlationVector":"+Sljbq7NporgQAFP79Ltye.2","action":"Commit Response", "result":"Success", "context":Result: Success. cV=+Sljbq7NporgQAFP79Ltye.0;server=akswtt008000015;cloudType=Consumer;environment=Prod_southindia_prod-s01-004-apac-southindia;migrationStage=NotStarted}
